[PREINITIALIZATION][CLIENT][INFO] Thank you to the Patreon supporters below and others who make CraftTweaker possible!
WaterMoon
Angelo A
Manmana
Genryu
NerdyWhiteGuy
Barrier
Br脙赂nsted
Phillip Swearingain
Ivy_
SquidDev
Spencer Gilbert
Belathus
Pongo Sapiens
Quaternary
AdaraChristine
NickT
Zuniroa
Ncc1702
Robijnvogel
Peregrinus11
If you want to support the mod, checkout https://patreon.com/jaredlll08?s=crtmod

[PREINITIALIZATION][CLIENT][INFO] Current loaders after merging: [[preinit]]
[PREINITIALIZATION][CLIENT][INFO] Loading scripts for loader with names [preinit]
[PREINITIALIZATION][CLIENT][INFO] [preinit | SIDE_CLIENT]: Skipping file {[0:crafttweaker]: AA cnt.zs} as we are currently loading with a different loader
[PREINITIALIZATION][CLIENT][INFO] [preinit | SIDE_CLIENT]: Skipping file {[0:crafttweaker]: AA.zs} as we are currently loading with a different loader
[PREINITIALIZATION][CLIENT][INFO] [preinit | SIDE_CLIENT]: Skipping file {[0:crafttweaker]: Alchemistry.zs} as we are currently loading with a different loader
[PREINITIALIZATION][CLIENT][INFO] [preinit | SIDE_CLIENT]: Skipping file {[0:crafttweaker]: app.zs} as we are currently loading with a different loader
[PREINITIALIZATION][CLIENT][INFO] [preinit | SIDE_CLIENT]: Skipping file {[0:crafttweaker]: AS.zs} as we are currently loading with a different loader
[PREINITIALIZATION][CLIENT][INFO] [preinit | SIDE_CLIENT]: Skipping file {[0:crafttweaker]: av.zs} as we are currently loading with a different loader
[PREINITIALIZATION][CLIENT][INFO] [preinit | SIDE_CLIENT]: Skipping file {[0:crafttweaker]: blood.zs} as we are currently loading with a different loader
[PREINITIALIZATION][CLIENT][INFO] [preinit | SIDE_CLIENT]: Skipping file {[0:crafttweaker]: bot.zs} as we are currently loading with a different loader
[PREINITIALIZATION][CLIENT][INFO] [preinit | SIDE_CLIENT]: Skipping file {[0:crafttweaker]: dracon.zs} as we are currently loading with a different loader
[PREINITIALIZATION][CLIENT][INFO] [preinit | SIDE_CLIENT]: Skipping file {[0:crafttweaker]: ender.zs} as we are currently loading with a different loader
[PREINITIALIZATION][CLIENT][INFO] [preinit | SIDE_CLIENT]: Skipping file {[0:crafttweaker]: extended cnt.zs} as we are currently loading with a different loader
[PREINITIALIZATION][CLIENT][INFO] [preinit | SIDE_CLIENT]: Skipping file {[0:crafttweaker]: extended.zs} as we are currently loading with a different loader
[PREINITIALIZATION][CLIENT][INFO] [preinit | SIDE_CLIENT]: Skipping file {[0:crafttweaker]: extended2.zs} as we are currently loading with a different loader
[PREINITIALIZATION][CLIENT][INFO] [preinit | SIDE_CLIENT]: Skipping file {[0:crafttweaker]: extended3.zs} as we are currently loading with a different loader
[PREINITIALIZATION][CLIENT][INFO] [preinit | SIDE_CLIENT]: Skipping file {[0:crafttweaker]: extended4.zs} as we are currently loading with a different loader
[PREINITIALIZATION][CLIENT][INFO] [preinit | SIDE_CLIENT]: Skipping file {[0:crafttweaker]: immersive arc furnace.zs} as we are currently loading with a different loader
[PREINITIALIZATION][CLIENT][INFO] [preinit | SIDE_CLIENT]: Skipping file {[0:crafttweaker]: immersive blueprint.zs} as we are currently loading with a different loader
[PREINITIALIZATION][CLIENT][INFO] [preinit | SIDE_CLIENT]: Skipping file {[0:crafttweaker]: immersive.zs} as we are currently loading with a different loader
[PREINITIALIZATION][CLIENT][INFO] [preinit | SIDE_CLIENT]: Skipping file {[0:contenttweaker]: items.zs} as we are currently loading with a different loader
[PREINITIALIZATION][CLIENT][INFO] [preinit | SIDE_CLIENT]: Skipping file {[0:crafttweaker]: jzsz.zs} as we are currently loading with a different loader
[PREINITIALIZATION][CLIENT][INFO] [preinit | SIDE_CLIENT]: Skipping file {[0:crafttweaker]: mek.zs} as we are currently loading with a different loader
[PREINITIALIZATION][CLIENT][INFO] [preinit | SIDE_CLIENT]: Skipping file {[0:crafttweaker]: MM add.zs} as we are currently loading with a different loader
[PREINITIALIZATION][CLIENT][INFO] [preinit | SIDE_CLIENT]: Skipping file {[0:crafttweaker]: MM hhl1.zs} as we are currently loading with a different loader
[PREINITIALIZATION][CLIENT][INFO] [preinit | SIDE_CLIENT]: Skipping file {[0:crafttweaker]: MM hhl2.zs} as we are currently loading with a different loader
[PREINITIALIZATION][CLIENT][INFO] [preinit | SIDE_CLIENT]: Skipping file {[0:crafttweaker]: MM hhl3.zs} as we are currently loading with a different loader
[PREINITIALIZATION][CLIENT][INFO] [preinit | SIDE_CLIENT]: Skipping file {[0:crafttweaker]: MM hhl4.zs} as we are currently loading with a different loader
[PREINITIALIZATION][CLIENT][INFO] [preinit | SIDE_CLIENT]: Skipping file {[0:crafttweaker]: MM hhl5.zs} as we are currently loading with a different loader
[PREINITIALIZATION][CLIENT][INFO] [preinit | SIDE_CLIENT]: Skipping file {[0:crafttweaker]: MM hhl6.zs} as we are currently loading with a different loader
[PREINITIALIZATION][CLIENT][INFO] [preinit | SIDE_CLIENT]: Skipping file {[0:crafttweaker]: MM kz1.zs} as we are currently loading with a different loader
[PREINITIALIZATION][CLIENT][INFO] [preinit | SIDE_CLIENT]: Skipping file {[0:crafttweaker]: MM kz2.zs} as we are currently loading with a different loader
[PREINITIALIZATION][CLIENT][INFO] [preinit | SIDE_CLIENT]: Skipping file {[0:crafttweaker]: MM kz3.zs} as we are currently loading with a different loader
[PREINITIALIZATION][CLIENT][INFO] [preinit | SIDE_CLIENT]: Skipping file {[0:crafttweaker]: MM lt1.zs} as we are currently loading with a different loader
[PREINITIALIZATION][CLIENT][INFO] [preinit | SIDE_CLIENT]: Skipping file {[0:crafttweaker]: MM lt2.zs} as we are currently loading with a different loader
[PREINITIALIZATION][CLIENT][INFO] [preinit | SIDE_CLIENT]: Skipping file {[0:crafttweaker]: MM lt3.zs} as we are currently loading with a different loader
[PREINITIALIZATION][CLIENT][INFO] [preinit | SIDE_CLIENT]: Skipping file {[0:crafttweaker]: MM lt4.zs} as we are currently loading with a different loader
[PREINITIALIZATION][CLIENT][INFO] [preinit | SIDE_CLIENT]: Skipping file {[0:crafttweaker]: MM lt5.zs} as we are currently loading with a different loader
[PREINITIALIZATION][CLIENT][INFO] [preinit | SIDE_CLIENT]: Skipping file {[0:crafttweaker]: MM lt6.zs} as we are currently loading with a different loader
[PREINITIALIZATION][CLIENT][INFO] [preinit | SIDE_CLIENT]: Skipping file {[0:crafttweaker]: MM lt7.zs} as we are currently loading with a different loader
[PREINITIALIZATION][CLIENT][INFO] [preinit | SIDE_CLIENT]: Skipping file {[0:crafttweaker]: MM lt8.zs} as we are currently loading with a different loader
[PREINITIALIZATION][CLIENT][INFO] [preinit | SIDE_CLIENT]: Skipping file {[0:crafttweaker]: MM lt9.zs} as we are currently loading with a different loader
[PREINITIALIZATION][CLIENT][INFO] [preinit | SIDE_CLIENT]: Skipping file {[0:crafttweaker]: MM wzcgj1.zs} as we are currently loading with a different loader
[PREINITIALIZATION][CLIENT][INFO] [preinit | SIDE_CLIENT]: Skipping file {[0:crafttweaker]: MM wzcgj2.zs} as we are currently loading with a different loader
[PREINITIALIZATION][CLIENT][INFO] [preinit | SIDE_CLIENT]: Skipping file {[0:crafttweaker]: MM wzcgj3.zs} as we are currently loading with a different loader
[PREINITIALIZATION][CLIENT][INFO] [preinit | SIDE_CLIENT]: Skipping file {[0:crafttweaker]: MM wzcgj4.zs} as we are currently loading with a different loader
[PREINITIALIZATION][CLIENT][INFO] [preinit | SIDE_CLIENT]: Skipping file {[0:crafttweaker]: MM wzcgj5.zs} as we are currently loading with a different loader
[PREINITIALIZATION][CLIENT][INFO] [preinit | SIDE_CLIENT]: Skipping file {[0:crafttweaker]: MM xnzry1.zs} as we are currently loading with a different loader
[PREINITIALIZATION][CLIENT][INFO] [preinit | SIDE_CLIENT]: Skipping file {[0:crafttweaker]: MM xnzry2.zs} as we are currently loading with a different loader
[PREINITIALIZATION][CLIENT][INFO] [preinit | SIDE_CLIENT]: Skipping file {[0:crafttweaker]: MM xnzry3.zs} as we are currently loading with a different loader
[PREINITIALIZATION][CLIENT][INFO] [preinit | SIDE_CLIENT]: Skipping file {[0:crafttweaker]: MM xnzry4.zs} as we are currently loading with a different loader
[PREINITIALIZATION][CLIENT][INFO] [preinit | SIDE_CLIENT]: Skipping file {[0:crafttweaker]: MM yzcgj1.zs} as we are currently loading with a different loader
[PREINITIALIZATION][CLIENT][INFO] [preinit | SIDE_CLIENT]: Skipping file {[0:crafttweaker]: MM yzcgj10.zs} as we are currently loading with a different loader
[PREINITIALIZATION][CLIENT][INFO] [preinit | SIDE_CLIENT]: Skipping file {[0:crafttweaker]: MM yzcgj11.zs} as we are currently loading with a different loader
[PREINITIALIZATION][CLIENT][INFO] [preinit | SIDE_CLIENT]: Skipping file {[0:crafttweaker]: MM yzcgj12.zs} as we are currently loading with a different loader
[PREINITIALIZATION][CLIENT][INFO] [preinit | SIDE_CLIENT]: Skipping file {[0:crafttweaker]: MM yzcgj13.zs} as we are currently loading with a different loader
[PREINITIALIZATION][CLIENT][INFO] [preinit | SIDE_CLIENT]: Skipping file {[0:crafttweaker]: MM yzcgj14.zs} as we are currently loading with a different loader
[PREINITIALIZATION][CLIENT][INFO] [preinit | SIDE_CLIENT]: Skipping file {[0:crafttweaker]: MM yzcgj15.zs} as we are currently loading with a different loader
[PREINITIALIZATION][CLIENT][INFO] [preinit | SIDE_CLIENT]: Skipping file {[0:crafttweaker]: MM yzcgj16.zs} as we are currently loading with a different loader
[PREINITIALIZATION][CLIENT][INFO] [preinit | SIDE_CLIENT]: Skipping file {[0:crafttweaker]: MM yzcgj17.zs} as we are currently loading with a different loader
[PREINITIALIZATION][CLIENT][INFO] [preinit | SIDE_CLIENT]: Skipping file {[0:crafttweaker]: MM yzcgj18.zs} as we are currently loading with a different loader
[PREINITIALIZATION][CLIENT][INFO] [preinit | SIDE_CLIENT]: Skipping file {[0:crafttweaker]: MM yzcgj19.zs} as we are currently loading with a different loader
[PREINITIALIZATION][CLIENT][INFO] [preinit | SIDE_CLIENT]: Skipping file {[0:crafttweaker]: MM yzcgj2.zs} as we are currently loading with a different loader
[PREINITIALIZATION][CLIENT][INFO] [preinit | SIDE_CLIENT]: Skipping file {[0:crafttweaker]: MM yzcgj3.zs} as we are currently loading with a different loader
[PREINITIALIZATION][CLIENT][INFO] [preinit | SIDE_CLIENT]: Skipping file {[0:crafttweaker]: MM yzcgj4.zs} as we are currently loading with a different loader
[PREINITIALIZATION][CLIENT][INFO] [preinit | SIDE_CLIENT]: Skipping file {[0:crafttweaker]: MM yzcgj5.zs} as we are currently loading with a different loader
[PREINITIALIZATION][CLIENT][INFO] [preinit | SIDE_CLIENT]: Skipping file {[0:crafttweaker]: MM yzcgj6.zs} as we are currently loading with a different loader
[PREINITIALIZATION][CLIENT][INFO] [preinit | SIDE_CLIENT]: Skipping file {[0:crafttweaker]: MM yzcgj7.zs} as we are currently loading with a different loader
[PREINITIALIZATION][CLIENT][INFO] [preinit | SIDE_CLIENT]: Skipping file {[0:crafttweaker]: MM yzcgj8.zs} as we are currently loading with a different loader
[PREINITIALIZATION][CLIENT][INFO] [preinit | SIDE_CLIENT]: Skipping file {[0:crafttweaker]: MM yzcgj9.zs} as we are currently loading with a different loader
[PREINITIALIZATION][CLIENT][INFO] [preinit | SIDE_CLIENT]: Skipping file {[0:crafttweaker]: MM zmjt1.zs} as we are currently loading with a different loader
[PREINITIALIZATION][CLIENT][INFO] [preinit | SIDE_CLIENT]: Skipping file {[0:crafttweaker]: MM zmjt2.zs} as we are currently loading with a different loader
[PREINITIALIZATION][CLIENT][INFO] [preinit | SIDE_CLIENT]: Skipping file {[0:crafttweaker]: MM zmjt3.zs} as we are currently loading with a different loader
[PREINITIALIZATION][CLIENT][INFO] [preinit | SIDE_CLIENT]: Skipping file {[0:crafttweaker]: MM zmjt4.zs} as we are currently loading with a different loader
[PREINITIALIZATION][CLIENT][INFO] [preinit | SIDE_CLIENT]: Skipping file {[0:crafttweaker]: MM zmjt5.zs} as we are currently loading with a different loader
[PREINITIALIZATION][CLIENT][INFO] [preinit | SIDE_CLIENT]: Skipping file {[0:crafttweaker]: MM ZS.zs} as we are currently loading with a different loader
[PREINITIALIZATION][CLIENT][INFO] [preinit | SIDE_CLIENT]: Skipping file {[0:crafttweaker]: name.zs} as we are currently loading with a different loader
[PREINITIALIZATION][CLIENT][INFO] [preinit | SIDE_CLIENT]: Skipping file {[0:crafttweaker]: nucl.zs} as we are currently loading with a different loader
[PREINITIALIZATION][CLIENT][INFO] [preinit | SIDE_CLIENT]: Skipping file {[0:crafttweaker]: other.zs} as we are currently loading with a different loader
[PREINITIALIZATION][CLIENT][INFO] [preinit | SIDE_CLIENT]: Skipping file {[0:crafttweaker]: pnc.zs} as we are currently loading with a different loader
[PREINITIALIZATION][CLIENT][INFO] [preinit | SIDE_CLIENT]: Skipping file {[0:crafttweaker]: remove.zs} as we are currently loading with a different loader
[PREINITIALIZATION][CLIENT][INFO] [preinit | SIDE_CLIENT]: Skipping file {[0:crafttweaker]: sfr.zs} as we are currently loading with a different loader
[PREINITIALIZATION][CLIENT][INFO] [preinit | SIDE_CLIENT]: Skipping file {[0:crafttweaker]: te5.zs} as we are currently loading with a different loader
[PREINITIALIZATION][CLIENT][INFO] [preinit | SIDE_CLIENT]: Skipping file {[0:crafttweaker]: tink.zs} as we are currently loading with a different loader
[PREINITIALIZATION][CLIENT][INFO] [preinit | SIDE_CLIENT]: Skipping file {[0:crafttweaker]: Tiny Mob Farm.zs} as we are currently loading with a different loader
[PREINITIALIZATION][CLIENT][INFO] Completed script loading in: 21ms
[PREINITIALIZATION][CLIENT][INFO] Current loaders after merging: [[preinit], [alchemistry]]
[PREINITIALIZATION][CLIENT][INFO] Loading scripts for loader with names [alchemistry]
[PREINITIALIZATION][CLIENT][INFO] [alchemistry | SIDE_CLIENT]: Skipping file {[0:crafttweaker]: AA cnt.zs} as we are currently loading with a different loader
[PREINITIALIZATION][CLIENT][INFO] [alchemistry | SIDE_CLIENT]: Skipping file {[0:crafttweaker]: AA.zs} as we are currently loading with a different loader
[PREINITIALIZATION][CLIENT][INFO] [alchemistry | SIDE_CLIENT]: Skipping file {[0:crafttweaker]: Alchemistry.zs} as we are currently loading with a different loader
[PREINITIALIZATION][CLIENT][INFO] [alchemistry | SIDE_CLIENT]: Skipping file {[0:crafttweaker]: app.zs} as we are currently loading with a different loader
[PREINITIALIZATION][CLIENT][INFO] [alchemistry | SIDE_CLIENT]: Skipping file {[0:crafttweaker]: AS.zs} as we are currently loading with a different loader
[PREINITIALIZATION][CLIENT][INFO] [alchemistry | SIDE_CLIENT]: Skipping file {[0:crafttweaker]: av.zs} as we are currently loading with a different loader
[PREINITIALIZATION][CLIENT][INFO] [alchemistry | SIDE_CLIENT]: Skipping file {[0:crafttweaker]: blood.zs} as we are currently loading with a different loader
[PREINITIALIZATION][CLIENT][INFO] [alchemistry | SIDE_CLIENT]: Skipping file {[0:crafttweaker]: bot.zs} as we are currently loading with a different loader
[PREINITIALIZATION][CLIENT][INFO] [alchemistry | SIDE_CLIENT]: Skipping file {[0:crafttweaker]: dracon.zs} as we are currently loading with a different loader
[PREINITIALIZATION][CLIENT][INFO] [alchemistry | SIDE_CLIENT]: Skipping file {[0:crafttweaker]: ender.zs} as we are currently loading with a different loader
[PREINITIALIZATION][CLIENT][INFO] [alchemistry | SIDE_CLIENT]: Skipping file {[0:crafttweaker]: extended cnt.zs} as we are currently loading with a different loader
[PREINITIALIZATION][CLIENT][INFO] [alchemistry | SIDE_CLIENT]: Skipping file {[0:crafttweaker]: extended.zs} as we are currently loading with a different loader
[PREINITIALIZATION][CLIENT][INFO] [alchemistry | SIDE_CLIENT]: Skipping file {[0:crafttweaker]: extended2.zs} as we are currently loading with a different loader
[PREINITIALIZATION][CLIENT][INFO] [alchemistry | SIDE_CLIENT]: Skipping file {[0:crafttweaker]: extended3.zs} as we are currently loading with a different loader
[PREINITIALIZATION][CLIENT][INFO] [alchemistry | SIDE_CLIENT]: Skipping file {[0:crafttweaker]: extended4.zs} as we are currently loading with a different loader
[PREINITIALIZATION][CLIENT][INFO] [alchemistry | SIDE_CLIENT]: Skipping file {[0:crafttweaker]: immersive arc furnace.zs} as we are currently loading with a different loader
[PREINITIALIZATION][CLIENT][INFO] [alchemistry | SIDE_CLIENT]: Skipping file {[0:crafttweaker]: immersive blueprint.zs} as we are currently loading with a different loader
[PREINITIALIZATION][CLIENT][INFO] [alchemistry | SIDE_CLIENT]: Skipping file {[0:crafttweaker]: immersive.zs} as we are currently loading with a different loader
[PREINITIALIZATION][CLIENT][INFO] [alchemistry | SIDE_CLIENT]: Skipping file {[0:contenttweaker]: items.zs} as we are currently loading with a different loader
[PREINITIALIZATION][CLIENT][INFO] [alchemistry | SIDE_CLIENT]: Skipping file {[0:crafttweaker]: jzsz.zs} as we are currently loading with a different loader
[PREINITIALIZATION][CLIENT][INFO] [alchemistry | SIDE_CLIENT]: Skipping file {[0:crafttweaker]: mek.zs} as we are currently loading with a different loader
[PREINITIALIZATION][CLIENT][INFO] [alchemistry | SIDE_CLIENT]: Skipping file {[0:crafttweaker]: MM add.zs} as we are currently loading with a different loader
[PREINITIALIZATION][CLIENT][INFO] [alchemistry | SIDE_CLIENT]: Skipping file {[0:crafttweaker]: MM hhl1.zs} as we are currently loading with a different loader
[PREINITIALIZATION][CLIENT][INFO] [alchemistry | SIDE_CLIENT]: Skipping file {[0:crafttweaker]: MM hhl2.zs} as we are currently loading with a different loader
[PREINITIALIZATION][CLIENT][INFO] [alchemistry | SIDE_CLIENT]: Skipping file {[0:crafttweaker]: MM hhl3.zs} as we are currently loading with a different loader
[PREINITIALIZATION][CLIENT][INFO] [alchemistry | SIDE_CLIENT]: Skipping file {[0:crafttweaker]: MM hhl4.zs} as we are currently loading with a different loader
[PREINITIALIZATION][CLIENT][INFO] [alchemistry | SIDE_CLIENT]: Skipping file {[0:crafttweaker]: MM hhl5.zs} as we are currently loading with a different loader
[PREINITIALIZATION][CLIENT][INFO] [alchemistry | SIDE_CLIENT]: Skipping file {[0:crafttweaker]: MM hhl6.zs} as we are currently loading with a different loader
[PREINITIALIZATION][CLIENT][INFO] [alchemistry | SIDE_CLIENT]: Skipping file {[0:crafttweaker]: MM kz1.zs} as we are currently loading with a different loader
[PREINITIALIZATION][CLIENT][INFO] [alchemistry | SIDE_CLIENT]: Skipping file {[0:crafttweaker]: MM kz2.zs} as we are currently loading with a different loader
[PREINITIALIZATION][CLIENT][INFO] [alchemistry | SIDE_CLIENT]: Skipping file {[0:crafttweaker]: MM kz3.zs} as we are currently loading with a different loader
[PREINITIALIZATION][CLIENT][INFO] [alchemistry | SIDE_CLIENT]: Skipping file {[0:crafttweaker]: MM lt1.zs} as we are currently loading with a different loader
[PREINITIALIZATION][CLIENT][INFO] [alchemistry | SIDE_CLIENT]: Skipping file {[0:crafttweaker]: MM lt2.zs} as we are currently loading with a different loader
[PREINITIALIZATION][CLIENT][INFO] [alchemistry | SIDE_CLIENT]: Skipping file {[0:crafttweaker]: MM lt3.zs} as we are currently loading with a different loader
[PREINITIALIZATION][CLIENT][INFO] [alchemistry | SIDE_CLIENT]: Skipping file {[0:crafttweaker]: MM lt4.zs} as we are currently loading with a different loader
[PREINITIALIZATION][CLIENT][INFO] [alchemistry | SIDE_CLIENT]: Skipping file {[0:crafttweaker]: MM lt5.zs} as we are currently loading with a different loader
[PREINITIALIZATION][CLIENT][INFO] [alchemistry | SIDE_CLIENT]: Skipping file {[0:crafttweaker]: MM lt6.zs} as we are currently loading with a different loader
[PREINITIALIZATION][CLIENT][INFO] [alchemistry | SIDE_CLIENT]: Skipping file {[0:crafttweaker]: MM lt7.zs} as we are currently loading with a different loader
[PREINITIALIZATION][CLIENT][INFO] [alchemistry | SIDE_CLIENT]: Skipping file {[0:crafttweaker]: MM lt8.zs} as we are currently loading with a different loader
[PREINITIALIZATION][CLIENT][INFO] [alchemistry | SIDE_CLIENT]: Skipping file {[0:crafttweaker]: MM lt9.zs} as we are currently loading with a different loader
[PREINITIALIZATION][CLIENT][INFO] [alchemistry | SIDE_CLIENT]: Skipping file {[0:crafttweaker]: MM wzcgj1.zs} as we are currently loading with a different loader
[PREINITIALIZATION][CLIENT][INFO] [alchemistry | SIDE_CLIENT]: Skipping file {[0:crafttweaker]: MM wzcgj2.zs} as we are currently loading with a different loader
[PREINITIALIZATION][CLIENT][INFO] [alchemistry | SIDE_CLIENT]: Skipping file {[0:crafttweaker]: MM wzcgj3.zs} as we are currently loading with a different loader
[PREINITIALIZATION][CLIENT][INFO] [alchemistry | SIDE_CLIENT]: Skipping file {[0:crafttweaker]: MM wzcgj4.zs} as we are currently loading with a different loader
[PREINITIALIZATION][CLIENT][INFO] [alchemistry | SIDE_CLIENT]: Skipping file {[0:crafttweaker]: MM wzcgj5.zs} as we are currently loading with a different loader
[PREINITIALIZATION][CLIENT][INFO] [alchemistry | SIDE_CLIENT]: Skipping file {[0:crafttweaker]: MM xnzry1.zs} as we are currently loading with a different loader
[PREINITIALIZATION][CLIENT][INFO] [alchemistry | SIDE_CLIENT]: Skipping file {[0:crafttweaker]: MM xnzry2.zs} as we are currently loading with a different loader
[PREINITIALIZATION][CLIENT][INFO] [alchemistry | SIDE_CLIENT]: Skipping file {[0:crafttweaker]: MM xnzry3.zs} as we are currently loading with a different loader
[PREINITIALIZATION][CLIENT][INFO] [alchemistry | SIDE_CLIENT]: Skipping file {[0:crafttweaker]: MM xnzry4.zs} as we are currently loading with a different loader
[PREINITIALIZATION][CLIENT][INFO] [alchemistry | SIDE_CLIENT]: Skipping file {[0:crafttweaker]: MM yzcgj1.zs} as we are currently loading with a different loader
[PREINITIALIZATION][CLIENT][INFO] [alchemistry | SIDE_CLIENT]: Skipping file {[0:crafttweaker]: MM yzcgj10.zs} as we are currently loading with a different loader
[PREINITIALIZATION][CLIENT][INFO] [alchemistry | SIDE_CLIENT]: Skipping file {[0:crafttweaker]: MM yzcgj11.zs} as we are currently loading with a different loader
[PREINITIALIZATION][CLIENT][INFO] [alchemistry | SIDE_CLIENT]: Skipping file {[0:crafttweaker]: MM yzcgj12.zs} as we are currently loading with a different loader
[PREINITIALIZATION][CLIENT][INFO] [alchemistry | SIDE_CLIENT]: Skipping file {[0:crafttweaker]: MM yzcgj13.zs} as we are currently loading with a different loader
[PREINITIALIZATION][CLIENT][INFO] [alchemistry | SIDE_CLIENT]: Skipping file {[0:crafttweaker]: MM yzcgj14.zs} as we are currently loading with a different loader
[PREINITIALIZATION][CLIENT][INFO] [alchemistry | SIDE_CLIENT]: Skipping file {[0:crafttweaker]: MM yzcgj15.zs} as we are currently loading with a different loader
[PREINITIALIZATION][CLIENT][INFO] [alchemistry | SIDE_CLIENT]: Skipping file {[0:crafttweaker]: MM yzcgj16.zs} as we are currently loading with a different loader
[PREINITIALIZATION][CLIENT][INFO] [alchemistry | SIDE_CLIENT]: Skipping file {[0:crafttweaker]: MM yzcgj17.zs} as we are currently loading with a different loader
[PREINITIALIZATION][CLIENT][INFO] [alchemistry | SIDE_CLIENT]: Skipping file {[0:crafttweaker]: MM yzcgj18.zs} as we are currently loading with a different loader
[PREINITIALIZATION][CLIENT][INFO] [alchemistry | SIDE_CLIENT]: Skipping file {[0:crafttweaker]: MM yzcgj19.zs} as we are currently loading with a different loader
[PREINITIALIZATION][CLIENT][INFO] [alchemistry | SIDE_CLIENT]: Skipping file {[0:crafttweaker]: MM yzcgj2.zs} as we are currently loading with a different loader
[PREINITIALIZATION][CLIENT][INFO] [alchemistry | SIDE_CLIENT]: Skipping file {[0:crafttweaker]: MM yzcgj3.zs} as we are currently loading with a different loader
[PREINITIALIZATION][CLIENT][INFO] [alchemistry | SIDE_CLIENT]: Skipping file {[0:crafttweaker]: MM yzcgj4.zs} as we are currently loading with a different loader
[PREINITIALIZATION][CLIENT][INFO] [alchemistry | SIDE_CLIENT]: Skipping file {[0:crafttweaker]: MM yzcgj5.zs} as we are currently loading with a different loader
[PREINITIALIZATION][CLIENT][INFO] [alchemistry | SIDE_CLIENT]: Skipping file {[0:crafttweaker]: MM yzcgj6.zs} as we are currently loading with a different loader
[PREINITIALIZATION][CLIENT][INFO] [alchemistry | SIDE_CLIENT]: Skipping file {[0:crafttweaker]: MM yzcgj7.zs} as we are currently loading with a different loader
[PREINITIALIZATION][CLIENT][INFO] [alchemistry | SIDE_CLIENT]: Skipping file {[0:crafttweaker]: MM yzcgj8.zs} as we are currently loading with a different loader
[PREINITIALIZATION][CLIENT][INFO] [alchemistry | SIDE_CLIENT]: Skipping file {[0:crafttweaker]: MM yzcgj9.zs} as we are currently loading with a different loader
[PREINITIALIZATION][CLIENT][INFO] [alchemistry | SIDE_CLIENT]: Skipping file {[0:crafttweaker]: MM zmjt1.zs} as we are currently loading with a different loader
[PREINITIALIZATION][CLIENT][INFO] [alchemistry | SIDE_CLIENT]: Skipping file {[0:crafttweaker]: MM zmjt2.zs} as we are currently loading with a different loader
[PREINITIALIZATION][CLIENT][INFO] [alchemistry | SIDE_CLIENT]: Skipping file {[0:crafttweaker]: MM zmjt3.zs} as we are currently loading with a different loader
[PREINITIALIZATION][CLIENT][INFO] [alchemistry | SIDE_CLIENT]: Skipping file {[0:crafttweaker]: MM zmjt4.zs} as we are currently loading with a different loader
[PREINITIALIZATION][CLIENT][INFO] [alchemistry | SIDE_CLIENT]: Skipping file {[0:crafttweaker]: MM zmjt5.zs} as we are currently loading with a different loader
[PREINITIALIZATION][CLIENT][INFO] [alchemistry | SIDE_CLIENT]: Skipping file {[0:crafttweaker]: MM ZS.zs} as we are currently loading with a different loader
[PREINITIALIZATION][CLIENT][INFO] [alchemistry | SIDE_CLIENT]: Skipping file {[0:crafttweaker]: name.zs} as we are currently loading with a different loader
[PREINITIALIZATION][CLIENT][INFO] [alchemistry | SIDE_CLIENT]: Skipping file {[0:crafttweaker]: nucl.zs} as we are currently loading with a different loader
[PREINITIALIZATION][CLIENT][INFO] [alchemistry | SIDE_CLIENT]: Skipping file {[0:crafttweaker]: other.zs} as we are currently loading with a different loader
[PREINITIALIZATION][CLIENT][INFO] [alchemistry | SIDE_CLIENT]: Skipping file {[0:crafttweaker]: pnc.zs} as we are currently loading with a different loader
[PREINITIALIZATION][CLIENT][INFO] [alchemistry | SIDE_CLIENT]: Skipping file {[0:crafttweaker]: remove.zs} as we are currently loading with a different loader
[PREINITIALIZATION][CLIENT][INFO] [alchemistry | SIDE_CLIENT]: Skipping file {[0:crafttweaker]: sfr.zs} as we are currently loading with a different loader
[PREINITIALIZATION][CLIENT][INFO] [alchemistry | SIDE_CLIENT]: Skipping file {[0:crafttweaker]: te5.zs} as we are currently loading with a different loader
[PREINITIALIZATION][CLIENT][INFO] [alchemistry | SIDE_CLIENT]: Skipping file {[0:crafttweaker]: tink.zs} as we are currently loading with a different loader
[PREINITIALIZATION][CLIENT][INFO] [alchemistry | SIDE_CLIENT]: Skipping file {[0:crafttweaker]: Tiny Mob Farm.zs} as we are currently loading with a different loader
[PREINITIALIZATION][CLIENT][INFO] Completed script loading in: 18ms
[PREINITIALIZATION][CLIENT][INFO] Current loaders after merging: [[preinit], [alchemistry], [contenttweaker]]
[PREINITIALIZATION][CLIENT][INFO] Loading scripts for loader with names [contenttweaker]
[PREINITIALIZATION][CLIENT][INFO] [contenttweaker | SIDE_CLIENT]: Skipping file {[0:crafttweaker]: AA cnt.zs} as we are currently loading with a different loader
[PREINITIALIZATION][CLIENT][INFO] [contenttweaker | SIDE_CLIENT]: Skipping file {[0:crafttweaker]: AA.zs} as we are currently loading with a different loader
[PREINITIALIZATION][CLIENT][INFO] [contenttweaker | SIDE_CLIENT]: Skipping file {[0:crafttweaker]: Alchemistry.zs} as we are currently loading with a different loader
[PREINITIALIZATION][CLIENT][INFO] [contenttweaker | SIDE_CLIENT]: Skipping file {[0:crafttweaker]: app.zs} as we are currently loading with a different loader
[PREINITIALIZATION][CLIENT][INFO] [contenttweaker | SIDE_CLIENT]: Skipping file {[0:crafttweaker]: AS.zs} as we are currently loading with a different loader
[PREINITIALIZATION][CLIENT][INFO] [contenttweaker | SIDE_CLIENT]: Skipping file {[0:crafttweaker]: av.zs} as we are currently loading with a different loader
[PREINITIALIZATION][CLIENT][INFO] [contenttweaker | SIDE_CLIENT]: Skipping file {[0:crafttweaker]: blood.zs} as we are currently loading with a different loader
[PREINITIALIZATION][CLIENT][INFO] [contenttweaker | SIDE_CLIENT]: Skipping file {[0:crafttweaker]: bot.zs} as we are currently loading with a different loader
[PREINITIALIZATION][CLIENT][INFO] [contenttweaker | SIDE_CLIENT]: Skipping file {[0:crafttweaker]: dracon.zs} as we are currently loading with a different loader
[PREINITIALIZATION][CLIENT][INFO] [contenttweaker | SIDE_CLIENT]: Skipping file {[0:crafttweaker]: ender.zs} as we are currently loading with a different loader
[PREINITIALIZATION][CLIENT][INFO] [contenttweaker | SIDE_CLIENT]: Skipping file {[0:crafttweaker]: extended cnt.zs} as we are currently loading with a different loader
[PREINITIALIZATION][CLIENT][INFO] [contenttweaker | SIDE_CLIENT]: Skipping file {[0:crafttweaker]: extended.zs} as we are currently loading with a different loader
[PREINITIALIZATION][CLIENT][INFO] [contenttweaker | SIDE_CLIENT]: Skipping file {[0:crafttweaker]: extended2.zs} as we are currently loading with a different loader
[PREINITIALIZATION][CLIENT][INFO] [contenttweaker | SIDE_CLIENT]: Skipping file {[0:crafttweaker]: extended3.zs} as we are currently loading with a different loader
[PREINITIALIZATION][CLIENT][INFO] [contenttweaker | SIDE_CLIENT]: Skipping file {[0:crafttweaker]: extended4.zs} as we are currently loading with a different loader
[PREINITIALIZATION][CLIENT][INFO] [contenttweaker | SIDE_CLIENT]: Skipping file {[0:crafttweaker]: immersive arc furnace.zs} as we are currently loading with a different loader
[PREINITIALIZATION][CLIENT][INFO] [contenttweaker | SIDE_CLIENT]: Skipping file {[0:crafttweaker]: immersive blueprint.zs} as we are currently loading with a different loader
[PREINITIALIZATION][CLIENT][INFO] [contenttweaker | SIDE_CLIENT]: Skipping file {[0:crafttweaker]: immersive.zs} as we are currently loading with a different loader
[PREINITIALIZATION][CLIENT][INFO] [contenttweaker | SIDE_CLIENT]: Loading Script: {[0:contenttweaker]: items.zs}
[PREINITIALIZATION][CLIENT][INFO] [contenttweaker | SIDE_CLIENT]: Skipping file {[0:crafttweaker]: jzsz.zs} as we are currently loading with a different loader
[PREINITIALIZATION][CLIENT][INFO] [contenttweaker | SIDE_CLIENT]: Skipping file {[0:crafttweaker]: mek.zs} as we are currently loading with a different loader
[PREINITIALIZATION][CLIENT][INFO] [contenttweaker | SIDE_CLIENT]: Skipping file {[0:crafttweaker]: MM add.zs} as we are currently loading with a different loader
[PREINITIALIZATION][CLIENT][INFO] [contenttweaker | SIDE_CLIENT]: Skipping file {[0:crafttweaker]: MM hhl1.zs} as we are currently loading with a different loader
[PREINITIALIZATION][CLIENT][INFO] [contenttweaker | SIDE_CLIENT]: Skipping file {[0:crafttweaker]: MM hhl2.zs} as we are currently loading with a different loader
[PREINITIALIZATION][CLIENT][INFO] [contenttweaker | SIDE_CLIENT]: Skipping file {[0:crafttweaker]: MM hhl3.zs} as we are currently loading with a different loader
[PREINITIALIZATION][CLIENT][INFO] [contenttweaker | SIDE_CLIENT]: Skipping file {[0:crafttweaker]: MM hhl4.zs} as we are currently loading with a different loader
[PREINITIALIZATION][CLIENT][INFO] [contenttweaker | SIDE_CLIENT]: Skipping file {[0:crafttweaker]: MM hhl5.zs} as we are currently loading with a different loader
[PREINITIALIZATION][CLIENT][INFO] [contenttweaker | SIDE_CLIENT]: Skipping file {[0:crafttweaker]: MM hhl6.zs} as we are currently loading with a different loader
[PREINITIALIZATION][CLIENT][INFO] [contenttweaker | SIDE_CLIENT]: Skipping file {[0:crafttweaker]: MM kz1.zs} as we are currently loading with a different loader
[PREINITIALIZATION][CLIENT][INFO] [contenttweaker | SIDE_CLIENT]: Skipping file {[0:crafttweaker]: MM kz2.zs} as we are currently loading with a different loader
[PREINITIALIZATION][CLIENT][INFO] [contenttweaker | SIDE_CLIENT]: Skipping file {[0:crafttweaker]: MM kz3.zs} as we are currently loading with a different loader
[PREINITIALIZATION][CLIENT][INFO] [contenttweaker | SIDE_CLIENT]: Skipping file {[0:crafttweaker]: MM lt1.zs} as we are currently loading with a different loader
[PREINITIALIZATION][CLIENT][INFO] [contenttweaker | SIDE_CLIENT]: Skipping file {[0:crafttweaker]: MM lt2.zs} as we are currently loading with a different loader
[PREINITIALIZATION][CLIENT][INFO] [contenttweaker | SIDE_CLIENT]: Skipping file {[0:crafttweaker]: MM lt3.zs} as we are currently loading with a different loader
[PREINITIALIZATION][CLIENT][INFO] [contenttweaker | SIDE_CLIENT]: Skipping file {[0:crafttweaker]: MM lt4.zs} as we are currently loading with a different loader
[PREINITIALIZATION][CLIENT][INFO] [contenttweaker | SIDE_CLIENT]: Skipping file {[0:crafttweaker]: MM lt5.zs} as we are currently loading with a different loader
[PREINITIALIZATION][CLIENT][INFO] [contenttweaker | SIDE_CLIENT]: Skipping file {[0:crafttweaker]: MM lt6.zs} as we are currently loading with a different loader
[PREINITIALIZATION][CLIENT][INFO] [contenttweaker | SIDE_CLIENT]: Skipping file {[0:crafttweaker]: MM lt7.zs} as we are currently loading with a different loader
[PREINITIALIZATION][CLIENT][INFO] [contenttweaker | SIDE_CLIENT]: Skipping file {[0:crafttweaker]: MM lt8.zs} as we are currently loading with a different loader
[PREINITIALIZATION][CLIENT][INFO] [contenttweaker | SIDE_CLIENT]: Skipping file {[0:crafttweaker]: MM lt9.zs} as we are currently loading with a different loader
[PREINITIALIZATION][CLIENT][INFO] [contenttweaker | SIDE_CLIENT]: Skipping file {[0:crafttweaker]: MM wzcgj1.zs} as we are currently loading with a different loader
[PREINITIALIZATION][CLIENT][INFO] [contenttweaker | SIDE_CLIENT]: Skipping file {[0:crafttweaker]: MM wzcgj2.zs} as we are currently loading with a different loader
[PREINITIALIZATION][CLIENT][INFO] [contenttweaker | SIDE_CLIENT]: Skipping file {[0:crafttweaker]: MM wzcgj3.zs} as we are currently loading with a different loader
[PREINITIALIZATION][CLIENT][INFO] [contenttweaker | SIDE_CLIENT]: Skipping file {[0:crafttweaker]: MM wzcgj4.zs} as we are currently loading with a different loader
[PREINITIALIZATION][CLIENT][INFO] [contenttweaker | SIDE_CLIENT]: Skipping file {[0:crafttweaker]: MM wzcgj5.zs} as we are currently loading with a different loader
[PREINITIALIZATION][CLIENT][INFO] [contenttweaker | SIDE_CLIENT]: Skipping file {[0:crafttweaker]: MM xnzry1.zs} as we are currently loading with a different loader
[PREINITIALIZATION][CLIENT][INFO] [contenttweaker | SIDE_CLIENT]: Skipping file {[0:crafttweaker]: MM xnzry2.zs} as we are currently loading with a different loader
[PREINITIALIZATION][CLIENT][INFO] [contenttweaker | SIDE_CLIENT]: Skipping file {[0:crafttweaker]: MM xnzry3.zs} as we are currently loading with a different loader
[PREINITIALIZATION][CLIENT][INFO] [contenttweaker | SIDE_CLIENT]: Skipping file {[0:crafttweaker]: MM xnzry4.zs} as we are currently loading with a different loader
[PREINITIALIZATION][CLIENT][INFO] [contenttweaker | SIDE_CLIENT]: Skipping file {[0:crafttweaker]: MM yzcgj1.zs} as we are currently loading with a different loader
[PREINITIALIZATION][CLIENT][INFO] [contenttweaker | SIDE_CLIENT]: Skipping file {[0:crafttweaker]: MM yzcgj10.zs} as we are currently loading with a different loader
[PREINITIALIZATION][CLIENT][INFO] [contenttweaker | SIDE_CLIENT]: Skipping file {[0:crafttweaker]: MM yzcgj11.zs} as we are currently loading with a different loader
[PREINITIALIZATION][CLIENT][INFO] [contenttweaker | SIDE_CLIENT]: Skipping file {[0:crafttweaker]: MM yzcgj12.zs} as we are currently loading with a different loader
[PREINITIALIZATION][CLIENT][INFO] [contenttweaker | SIDE_CLIENT]: Skipping file {[0:crafttweaker]: MM yzcgj13.zs} as we are currently loading with a different loader
[PREINITIALIZATION][CLIENT][INFO] [contenttweaker | SIDE_CLIENT]: Skipping file {[0:crafttweaker]: MM yzcgj14.zs} as we are currently loading with a different loader
[PREINITIALIZATION][CLIENT][INFO] [contenttweaker | SIDE_CLIENT]: Skipping file {[0:crafttweaker]: MM yzcgj15.zs} as we are currently loading with a different loader
[PREINITIALIZATION][CLIENT][INFO] [contenttweaker | SIDE_CLIENT]: Skipping file {[0:crafttweaker]: MM yzcgj16.zs} as we are currently loading with a different loader
[PREINITIALIZATION][CLIENT][INFO] [contenttweaker | SIDE_CLIENT]: Skipping file {[0:crafttweaker]: MM yzcgj17.zs} as we are currently loading with a different loader
[PREINITIALIZATION][CLIENT][INFO] [contenttweaker | SIDE_CLIENT]: Skipping file {[0:crafttweaker]: MM yzcgj18.zs} as we are currently loading with a different loader
[PREINITIALIZATION][CLIENT][INFO] [contenttweaker | SIDE_CLIENT]: Skipping file {[0:crafttweaker]: MM yzcgj19.zs} as we are currently loading with a different loader
[PREINITIALIZATION][CLIENT][INFO] [contenttweaker | SIDE_CLIENT]: Skipping file {[0:crafttweaker]: MM yzcgj2.zs} as we are currently loading with a different loader
[PREINITIALIZATION][CLIENT][INFO] [contenttweaker | SIDE_CLIENT]: Skipping file {[0:crafttweaker]: MM yzcgj3.zs} as we are currently loading with a different loader
[PREINITIALIZATION][CLIENT][INFO] [contenttweaker | SIDE_CLIENT]: Skipping file {[0:crafttweaker]: MM yzcgj4.zs} as we are currently loading with a different loader
[PREINITIALIZATION][CLIENT][INFO] [contenttweaker | SIDE_CLIENT]: Skipping file {[0:crafttweaker]: MM yzcgj5.zs} as we are currently loading with a different loader
[PREINITIALIZATION][CLIENT][INFO] [contenttweaker | SIDE_CLIENT]: Skipping file {[0:crafttweaker]: MM yzcgj6.zs} as we are currently loading with a different loader
[PREINITIALIZATION][CLIENT][INFO] [contenttweaker | SIDE_CLIENT]: Skipping file {[0:crafttweaker]: MM yzcgj7.zs} as we are currently loading with a different loader
[PREINITIALIZATION][CLIENT][INFO] [contenttweaker | SIDE_CLIENT]: Skipping file {[0:crafttweaker]: MM yzcgj8.zs} as we are currently loading with a different loader
[PREINITIALIZATION][CLIENT][INFO] [contenttweaker | SIDE_CLIENT]: Skipping file {[0:crafttweaker]: MM yzcgj9.zs} as we are currently loading with a different loader
[PREINITIALIZATION][CLIENT][INFO] [contenttweaker | SIDE_CLIENT]: Skipping file {[0:crafttweaker]: MM zmjt1.zs} as we are currently loading with a different loader
[PREINITIALIZATION][CLIENT][INFO] [contenttweaker | SIDE_CLIENT]: Skipping file {[0:crafttweaker]: MM zmjt2.zs} as we are currently loading with a different loader
[PREINITIALIZATION][CLIENT][INFO] [contenttweaker | SIDE_CLIENT]: Skipping file {[0:crafttweaker]: MM zmjt3.zs} as we are currently loading with a different loader
[PREINITIALIZATION][CLIENT][INFO] [contenttweaker | SIDE_CLIENT]: Skipping file {[0:crafttweaker]: MM zmjt4.zs} as we are currently loading with a different loader
[PREINITIALIZATION][CLIENT][INFO] [contenttweaker | SIDE_CLIENT]: Skipping file {[0:crafttweaker]: MM zmjt5.zs} as we are currently loading with a different loader
[PREINITIALIZATION][CLIENT][INFO] [contenttweaker | SIDE_CLIENT]: Skipping file {[0:crafttweaker]: MM ZS.zs} as we are currently loading with a different loader
[PREINITIALIZATION][CLIENT][INFO] [contenttweaker | SIDE_CLIENT]: Skipping file {[0:crafttweaker]: name.zs} as we are currently loading with a different loader
[PREINITIALIZATION][CLIENT][INFO] [contenttweaker | SIDE_CLIENT]: Skipping file {[0:crafttweaker]: nucl.zs} as we are currently loading with a different loader
[PREINITIALIZATION][CLIENT][INFO] [contenttweaker | SIDE_CLIENT]: Skipping file {[0:crafttweaker]: other.zs} as we are currently loading with a different loader
[PREINITIALIZATION][CLIENT][INFO] [contenttweaker | SIDE_CLIENT]: Skipping file {[0:crafttweaker]: pnc.zs} as we are currently loading with a different loader
[PREINITIALIZATION][CLIENT][INFO] [contenttweaker | SIDE_CLIENT]: Skipping file {[0:crafttweaker]: remove.zs} as we are currently loading with a different loader
[PREINITIALIZATION][CLIENT][INFO] [contenttweaker | SIDE_CLIENT]: Skipping file {[0:crafttweaker]: sfr.zs} as we are currently loading with a different loader
[PREINITIALIZATION][CLIENT][INFO] [contenttweaker | SIDE_CLIENT]: Skipping file {[0:crafttweaker]: te5.zs} as we are currently loading with a different loader
[PREINITIALIZATION][CLIENT][INFO] [contenttweaker | SIDE_CLIENT]: Skipping file {[0:crafttweaker]: tink.zs} as we are currently loading with a different loader
[PREINITIALIZATION][CLIENT][INFO] [contenttweaker | SIDE_CLIENT]: Skipping file {[0:crafttweaker]: Tiny Mob Farm.zs} as we are currently loading with a different loader
[PREINITIALIZATION][CLIENT][INFO] Completed script loading in: 1175ms
[INITIALIZATION][CLIENT][INFO] CraftTweaker: Building registry
[INITIALIZATION][CLIENT][INFO] CraftTweaker: Successfully built item registry
[INITIALIZATION][CLIENT][INFO] Current loaders after merging: [[preinit], [alchemistry], [contenttweaker], [recipeevent | crafttweaker]]
[INITIALIZATION][CLIENT][INFO] Loading scripts for loader with names [crafttweaker | recipeevent]
[INITIALIZATION][CLIENT][INFO] [crafttweaker | SIDE_CLIENT]: Loading Script: {[0:crafttweaker]: AA cnt.zs}
[INITIALIZATION][CLIENT][INFO] [crafttweaker | SIDE_CLIENT]: Loading Script: {[0:crafttweaker]: AA.zs}
[INITIALIZATION][CLIENT][INFO] [crafttweaker | SIDE_CLIENT]: Loading Script: {[0:crafttweaker]: Alchemistry.zs}
[INITIALIZATION][CLIENT][INFO] [crafttweaker | SIDE_CLIENT]: Loading Script: {[0:crafttweaker]: app.zs}
[INITIALIZATION][CLIENT][INFO] [crafttweaker | SIDE_CLIENT]: Loading Script: {[0:crafttweaker]: AS.zs}
[INITIALIZATION][CLIENT][INFO] [crafttweaker | SIDE_CLIENT]: Loading Script: {[0:crafttweaker]: av.zs}
[INITIALIZATION][CLIENT][INFO] Removing Extreme Recipe from Avaritia with the output of: 无尽催化剂
[INITIALIZATION][CLIENT][INFO] Removing Extreme Recipe from Avaritia with the output of: 超级煲
[INITIALIZATION][CLIENT][INFO] Removing Extreme Recipe from Avaritia with the output of: 寰宇肉丸
[INITIALIZATION][CLIENT][INFO] Removing Extreme Recipe from Avaritia with the output of: 终望珍珠
[INITIALIZATION][CLIENT][INFO] Removing Extreme Recipe from Avaritia with the output of: 永恒奇点
[INITIALIZATION][CLIENT][INFO] [crafttweaker | SIDE_CLIENT]: Loading Script: {[0:crafttweaker]: blood.zs}
[INITIALIZATION][CLIENT][INFO] [crafttweaker | SIDE_CLIENT]: Loading Script: {[0:crafttweaker]: bot.zs}
[INITIALIZATION][CLIENT][INFO] [crafttweaker | SIDE_CLIENT]: Loading Script: {[0:crafttweaker]: dracon.zs}
[INITIALIZATION][CLIENT][INFO] Removes FusionCrafting-Recipes by catalyst
[INITIALIZATION][CLIENT][INFO] Removes FusionCrafting-Recipes by catalyst
[INITIALIZATION][CLIENT][INFO] Removes FusionCrafting-Recipes by catalyst
[INITIALIZATION][CLIENT][INFO] Removes FusionCrafting-Recipes by catalyst
[INITIALIZATION][CLIENT][INFO] Removes FusionCrafting-Recipes by catalyst
[INITIALIZATION][CLIENT][INFO] Removes FusionCrafting-Recipes by catalyst
[INITIALIZATION][CLIENT][INFO] Adds a FusionCrafting-Recipe
[INITIALIZATION][CLIENT][INFO] Adds a FusionCrafting-Recipe
[INITIALIZATION][CLIENT][INFO] Adds a FusionCrafting-Recipe
[INITIALIZATION][CLIENT][INFO] Adds a FusionCrafting-Recipe
[INITIALIZATION][CLIENT][INFO] Adds a FusionCrafting-Recipe
[INITIALIZATION][CLIENT][INFO] Adds a FusionCrafting-Recipe
[INITIALIZATION][CLIENT][INFO] Adds a FusionCrafting-Recipe
[INITIALIZATION][CLIENT][INFO] Adds a FusionCrafting-Recipe
[INITIALIZATION][CLIENT][INFO] Adds a FusionCrafting-Recipe
[INITIALIZATION][CLIENT][INFO] [crafttweaker | SIDE_CLIENT]: Loading Script: {[0:crafttweaker]: ender.zs}
[INITIALIZATION][CLIENT][INFO] [crafttweaker | SIDE_CLIENT]: Loading Script: {[0:crafttweaker]: extended cnt.zs}
[INITIALIZATION][CLIENT][INFO] Adding a Combination Crafting recipe for 太阳能电池板 VIII
[INITIALIZATION][CLIENT][INFO] Adding a Combination Crafting recipe for 充能红石水晶
[INITIALIZATION][CLIENT][INFO] Adding a Combination Crafting recipe for 充能红石水晶块
[INITIALIZATION][CLIENT][INFO] Adding a Combination Crafting recipe for 充能铁晶
[INITIALIZATION][CLIENT][INFO] Adding a Combination Crafting recipe for 充能铁晶块
[INITIALIZATION][CLIENT][INFO] Adding a Combination Crafting recipe for 充能煤晶
[INITIALIZATION][CLIENT][INFO] Adding a Combination Crafting recipe for 充能煤晶块
[INITIALIZATION][CLIENT][INFO] Adding a Combination Crafting recipe for 充能青金石水晶
[INITIALIZATION][CLIENT][INFO] Adding a Combination Crafting recipe for 充能青金石水晶块
[INITIALIZATION][CLIENT][INFO] Adding a Combination Crafting recipe for 充能钻石水晶
[INITIALIZATION][CLIENT][INFO] Adding a Combination Crafting recipe for 充能钻石水晶块
[INITIALIZATION][CLIENT][INFO] Adding a Combination Crafting recipe for 充能绿宝石水晶
[INITIALIZATION][CLIENT][INFO] Adding a Combination Crafting recipe for 充能绿宝石水晶块
[INITIALIZATION][CLIENT][INFO] Adding a Combination Crafting recipe for 充能龙块
[INITIALIZATION][CLIENT][INFO] [crafttweaker | SIDE_CLIENT]: Loading Script: {[0:crafttweaker]: extended.zs}
[INITIALIZATION][CLIENT][INFO] [crafttweaker | SIDE_CLIENT]: Loading Script: {[0:crafttweaker]: extended2.zs}
[INITIALIZATION][CLIENT][INFO] Adding a Table Crafting recipe for 裂变控制器
[INITIALIZATION][CLIENT][INFO] Adding a Table Crafting recipe for 绿宝石生物农场
[INITIALIZATION][CLIENT][INFO] Adding a Table Crafting recipe for 下界生物农场
[INITIALIZATION][CLIENT][INFO] Adding a Table Crafting recipe for 化学化合机
[INITIALIZATION][CLIENT][INFO] Adding a Table Crafting recipe for 裂变仓控制器
[INITIALIZATION][CLIENT][INFO] Adding a Table Crafting recipe for 精英工作台
[INITIALIZATION][CLIENT][INFO] Adding a Table Crafting recipe for ME控制器
[INITIALIZATION][CLIENT][INFO] Adding a Table Crafting recipe for ME驱动器
[INITIALIZATION][CLIENT][INFO] Adding a Table Crafting recipe for 聚合核心
[INITIALIZATION][CLIENT][INFO] [crafttweaker | SIDE_CLIENT]: Loading Script: {[0:crafttweaker]: extended3.zs}
[INITIALIZATION][CLIENT][INFO] Adding a Table Crafting recipe for 聚变堆核心
[INITIALIZATION][CLIENT][INFO] Adding a Table Crafting recipe for 终极生物农场
[INITIALIZATION][CLIENT][INFO] Adding a Table Crafting recipe for 聚变仓控制器
[INITIALIZATION][CLIENT][INFO] Adding a Table Crafting recipe for 末影水晶
[INITIALIZATION][CLIENT][INFO] Adding a Table Crafting recipe for 终极工作台
[INITIALIZATION][CLIENT][INFO] [crafttweaker | SIDE_CLIENT]: Loading Script: {[0:crafttweaker]: extended4.zs}
[INITIALIZATION][CLIENT][INFO] Adding a Table Crafting recipe for 终极锭
[INITIALIZATION][CLIENT][INFO] Adding a Table Crafting recipe for 永恒奇点
[INITIALIZATION][CLIENT][INFO] Adding a Table Crafting recipe for 终极奇点
[INITIALIZATION][CLIENT][INFO] Adding a Table Crafting recipe for 终极工作台
[INITIALIZATION][CLIENT][INFO] Adding a Table Crafting recipe for 寰宇肉丸
[INITIALIZATION][CLIENT][INFO] Adding a Table Crafting recipe for 中子素压缩机
[INITIALIZATION][CLIENT][INFO] [crafttweaker | SIDE_CLIENT]: Loading Script: {[0:crafttweaker]: immersive arc furnace.zs}
[INITIALIZATION][CLIENT][INFO] Adding ArcFurnace Recipe for 强化机器框架
[INITIALIZATION][CLIENT][INFO] Adding ArcFurnace Recipe for 精英工厂安装器
[INITIALIZATION][CLIENT][INFO] Adding ArcFurnace Recipe for 谐振升级套件
[INITIALIZATION][CLIENT][INFO] Adding ArcFurnace Recipe for 黑铁锭
[INITIALIZATION][CLIENT][INFO] [crafttweaker | SIDE_CLIENT]: Loading Script: {[0:crafttweaker]: immersive blueprint.zs}
[INITIALIZATION][CLIENT][ERROR] immersive blueprint.zs:9: Could not resolve <oeintegration : excavatemodifier>
[INITIALIZATION][CLIENT][ERROR] immersive blueprint.zs:17: Could not resolve <oeintegration : excavatemodifier>
[INITIALIZATION][CLIENT][INFO] Removing Blueprint Recipe for 金属冲压模具：板材
[INITIALIZATION][CLIENT][INFO] Removing Blueprint Recipe for 真空管
[INITIALIZATION][CLIENT][ERROR] Cannot remove recipes for a null item!
[INITIALIZATION][CLIENT][INFO] Adding Blueprint Recipe for 金属冲压模具：板材
[INITIALIZATION][CLIENT][INFO] Adding Blueprint Recipe for 真空管
[INITIALIZATION][CLIENT][INFO] Adding Blueprint Recipe for 空气
[INITIALIZATION][CLIENT][INFO] Adding Blueprint Recipe for 机械蓝图
[INITIALIZATION][CLIENT][INFO] Adding Blueprint Recipe for 机械蓝图
[INITIALIZATION][CLIENT][INFO] [crafttweaker | SIDE_CLIENT]: Loading Script: {[0:crafttweaker]: immersive.zs}
[INITIALIZATION][CLIENT][INFO] [crafttweaker | SIDE_CLIENT]: Skipping file {[0:contenttweaker]: items.zs} as we are currently loading with a different loader
[INITIALIZATION][CLIENT][INFO] [crafttweaker | SIDE_CLIENT]: Loading Script: {[0:crafttweaker]: jzsz.zs}
[INITIALIZATION][CLIENT][INFO] [crafttweaker | SIDE_CLIENT]: Loading Script: {[0:crafttweaker]: mek.zs}
[INITIALIZATION][CLIENT][INFO] [crafttweaker | SIDE_CLIENT]: Loading Script: {[0:crafttweaker]: MM add.zs}
[INITIALIZATION][CLIENT][INFO] [crafttweaker | SIDE_CLIENT]: Loading Script: {[0:crafttweaker]: MM hhl1.zs}
[INITIALIZATION][CLIENT][INFO] [crafttweaker | SIDE_CLIENT]: Loading Script: {[0:crafttweaker]: MM hhl2.zs}
[INITIALIZATION][CLIENT][INFO] [crafttweaker | SIDE_CLIENT]: Loading Script: {[0:crafttweaker]: MM hhl3.zs}
[INITIALIZATION][CLIENT][INFO] [crafttweaker | SIDE_CLIENT]: Loading Script: {[0:crafttweaker]: MM hhl4.zs}
[INITIALIZATION][CLIENT][INFO] [crafttweaker | SIDE_CLIENT]: Loading Script: {[0:crafttweaker]: MM hhl5.zs}
[INITIALIZATION][CLIENT][INFO] [crafttweaker | SIDE_CLIENT]: Loading Script: {[0:crafttweaker]: MM hhl6.zs}
[INITIALIZATION][CLIENT][INFO] [crafttweaker | SIDE_CLIENT]: Loading Script: {[0:crafttweaker]: MM kz1.zs}
[INITIALIZATION][CLIENT][INFO] [crafttweaker | SIDE_CLIENT]: Loading Script: {[0:crafttweaker]: MM kz2.zs}
[INITIALIZATION][CLIENT][INFO] [crafttweaker | SIDE_CLIENT]: Loading Script: {[0:crafttweaker]: MM kz3.zs}
[INITIALIZATION][CLIENT][INFO] [crafttweaker | SIDE_CLIENT]: Loading Script: {[0:crafttweaker]: MM lt1.zs}
[INITIALIZATION][CLIENT][INFO] [crafttweaker | SIDE_CLIENT]: Loading Script: {[0:crafttweaker]: MM lt2.zs}
[INITIALIZATION][CLIENT][INFO] [crafttweaker | SIDE_CLIENT]: Loading Script: {[0:crafttweaker]: MM lt3.zs}
[INITIALIZATION][CLIENT][INFO] [crafttweaker | SIDE_CLIENT]: Loading Script: {[0:crafttweaker]: MM lt4.zs}
[INITIALIZATION][CLIENT][INFO] [crafttweaker | SIDE_CLIENT]: Loading Script: {[0:crafttweaker]: MM lt5.zs}
[INITIALIZATION][CLIENT][INFO] [crafttweaker | SIDE_CLIENT]: Loading Script: {[0:crafttweaker]: MM lt6.zs}
[INITIALIZATION][CLIENT][INFO] [crafttweaker | SIDE_CLIENT]: Loading Script: {[0:crafttweaker]: MM lt7.zs}
[INITIALIZATION][CLIENT][INFO] [crafttweaker | SIDE_CLIENT]: Loading Script: {[0:crafttweaker]: MM lt8.zs}
[INITIALIZATION][CLIENT][INFO] [crafttweaker | SIDE_CLIENT]: Loading Script: {[0:crafttweaker]: MM lt9.zs}
[INITIALIZATION][CLIENT][INFO] [crafttweaker | SIDE_CLIENT]: Loading Script: {[0:crafttweaker]: MM wzcgj1.zs}
[INITIALIZATION][CLIENT][INFO] [crafttweaker | SIDE_CLIENT]: Loading Script: {[0:crafttweaker]: MM wzcgj2.zs}
[INITIALIZATION][CLIENT][INFO] [crafttweaker | SIDE_CLIENT]: Loading Script: {[0:crafttweaker]: MM wzcgj3.zs}
[INITIALIZATION][CLIENT][INFO] [crafttweaker | SIDE_CLIENT]: Loading Script: {[0:crafttweaker]: MM wzcgj4.zs}
[INITIALIZATION][CLIENT][INFO] [crafttweaker | SIDE_CLIENT]: Loading Script: {[0:crafttweaker]: MM wzcgj5.zs}
[INITIALIZATION][CLIENT][INFO] [crafttweaker | SIDE_CLIENT]: Loading Script: {[0:crafttweaker]: MM xnzry1.zs}
[INITIALIZATION][CLIENT][INFO] [crafttweaker | SIDE_CLIENT]: Loading Script: {[0:crafttweaker]: MM xnzry2.zs}
[INITIALIZATION][CLIENT][INFO] [crafttweaker | SIDE_CLIENT]: Loading Script: {[0:crafttweaker]: MM xnzry3.zs}
[INITIALIZATION][CLIENT][INFO] [crafttweaker | SIDE_CLIENT]: Loading Script: {[0:crafttweaker]: MM xnzry4.zs}
[INITIALIZATION][CLIENT][INFO] [crafttweaker | SIDE_CLIENT]: Loading Script: {[0:crafttweaker]: MM yzcgj1.zs}
[INITIALIZATION][CLIENT][INFO] [crafttweaker | SIDE_CLIENT]: Loading Script: {[0:crafttweaker]: MM yzcgj10.zs}
[INITIALIZATION][CLIENT][INFO] [crafttweaker | SIDE_CLIENT]: Loading Script: {[0:crafttweaker]: MM yzcgj11.zs}
[INITIALIZATION][CLIENT][INFO] [crafttweaker | SIDE_CLIENT]: Loading Script: {[0:crafttweaker]: MM yzcgj12.zs}
[INITIALIZATION][CLIENT][INFO] [crafttweaker | SIDE_CLIENT]: Loading Script: {[0:crafttweaker]: MM yzcgj13.zs}
[INITIALIZATION][CLIENT][INFO] [crafttweaker | SIDE_CLIENT]: Loading Script: {[0:crafttweaker]: MM yzcgj14.zs}
[INITIALIZATION][CLIENT][INFO] [crafttweaker | SIDE_CLIENT]: Loading Script: {[0:crafttweaker]: MM yzcgj15.zs}
[INITIALIZATION][CLIENT][INFO] [crafttweaker | SIDE_CLIENT]: Loading Script: {[0:crafttweaker]: MM yzcgj16.zs}
[INITIALIZATION][CLIENT][INFO] [crafttweaker | SIDE_CLIENT]: Loading Script: {[0:crafttweaker]: MM yzcgj17.zs}
[INITIALIZATION][CLIENT][INFO] [crafttweaker | SIDE_CLIENT]: Loading Script: {[0:crafttweaker]: MM yzcgj18.zs}
[INITIALIZATION][CLIENT][INFO] [crafttweaker | SIDE_CLIENT]: Loading Script: {[0:crafttweaker]: MM yzcgj19.zs}
[INITIALIZATION][CLIENT][INFO] [crafttweaker | SIDE_CLIENT]: Loading Script: {[0:crafttweaker]: MM yzcgj2.zs}
[INITIALIZATION][CLIENT][INFO] [crafttweaker | SIDE_CLIENT]: Loading Script: {[0:crafttweaker]: MM yzcgj3.zs}
[INITIALIZATION][CLIENT][INFO] [crafttweaker | SIDE_CLIENT]: Loading Script: {[0:crafttweaker]: MM yzcgj4.zs}
[INITIALIZATION][CLIENT][INFO] [crafttweaker | SIDE_CLIENT]: Loading Script: {[0:crafttweaker]: MM yzcgj5.zs}
[INITIALIZATION][CLIENT][INFO] [crafttweaker | SIDE_CLIENT]: Loading Script: {[0:crafttweaker]: MM yzcgj6.zs}
[INITIALIZATION][CLIENT][INFO] [crafttweaker | SIDE_CLIENT]: Loading Script: {[0:crafttweaker]: MM yzcgj7.zs}
[INITIALIZATION][CLIENT][INFO] [crafttweaker | SIDE_CLIENT]: Loading Script: {[0:crafttweaker]: MM yzcgj8.zs}
[INITIALIZATION][CLIENT][INFO] [crafttweaker | SIDE_CLIENT]: Loading Script: {[0:crafttweaker]: MM yzcgj9.zs}
[INITIALIZATION][CLIENT][INFO] [crafttweaker | SIDE_CLIENT]: Loading Script: {[0:crafttweaker]: MM zmjt1.zs}
[INITIALIZATION][CLIENT][INFO] [crafttweaker | SIDE_CLIENT]: Loading Script: {[0:crafttweaker]: MM zmjt2.zs}
[INITIALIZATION][CLIENT][INFO] [crafttweaker | SIDE_CLIENT]: Loading Script: {[0:crafttweaker]: MM zmjt3.zs}
[INITIALIZATION][CLIENT][INFO] [crafttweaker | SIDE_CLIENT]: Loading Script: {[0:crafttweaker]: MM zmjt4.zs}
[INITIALIZATION][CLIENT][INFO] [crafttweaker | SIDE_CLIENT]: Loading Script: {[0:crafttweaker]: MM zmjt5.zs}
[INITIALIZATION][CLIENT][INFO] [crafttweaker | SIDE_CLIENT]: Loading Script: {[0:crafttweaker]: MM ZS.zs}
[INITIALIZATION][CLIENT][INFO] [crafttweaker | SIDE_CLIENT]: Loading Script: {[0:crafttweaker]: name.zs}
[INITIALIZATION][CLIENT][INFO] [crafttweaker | SIDE_CLIENT]: Loading Script: {[0:crafttweaker]: nucl.zs}
[INITIALIZATION][CLIENT][INFO] [crafttweaker | SIDE_CLIENT]: Loading Script: {[0:crafttweaker]: other.zs}
[INITIALIZATION][CLIENT][INFO] Translating item.contenttweaker.mysteriou_item.name to 神秘物品
[INITIALIZATION][CLIENT][INFO] Adding Extreme recipe avaritia:craft_tweaker_shaped_shenmiwupin for 神秘物品
[INITIALIZATION][CLIENT][INFO] Removing Extreme Recipe from Avaritia with the output of: 无尽太阳能板
[INITIALIZATION][CLIENT][INFO] Adding an Ender Crafting recipe for 无尽太阳能板
[INITIALIZATION][CLIENT][INFO] [crafttweaker | SIDE_CLIENT]: Loading Script: {[0:crafttweaker]: pnc.zs}
[INITIALIZATION][CLIENT][INFO] [crafttweaker | SIDE_CLIENT]: Loading Script: {[0:crafttweaker]: remove.zs}
[INITIALIZATION][CLIENT][INFO] [crafttweaker | SIDE_CLIENT]: Loading Script: {[0:crafttweaker]: sfr.zs}
[INITIALIZATION][CLIENT][INFO] [crafttweaker | SIDE_CLIENT]: Loading Script: {[0:crafttweaker]: te5.zs}
[INITIALIZATION][CLIENT][INFO] [crafttweaker | SIDE_CLIENT]: Loading Script: {[0:crafttweaker]: tink.zs}
[INITIALIZATION][CLIENT][INFO] Altering Alloy Recipe(s) for <liquid:steel>
[INITIALIZATION][CLIENT][INFO] Altering Alloy Recipe(s) for <liquid:bronze>
[INITIALIZATION][CLIENT][INFO] Altering Casting Recipe(s) for <thermalfoundation:material:352>
[INITIALIZATION][CLIENT][INFO] Altering Melting Recipe(s) for <liquid:refined_obsidian>
[INITIALIZATION][CLIENT][INFO] [crafttweaker | SIDE_CLIENT]: Loading Script: {[0:crafttweaker]: Tiny Mob Farm.zs}
[INITIALIZATION][CLIENT][INFO] Completed script loading in: 3362ms
[INITIALIZATION][CLIENT][INFO] Translating item.contenttweaker.mysteriou_item.name to 神秘物品
[POSTINITIALIZATION][CLIENT][INFO] Removing recipes for various outputs
[POSTINITIALIZATION][CLIENT][INFO] Adding shaped recipe for 充能台 with name ct_shaped1569810995
[POSTINITIALIZATION][CLIENT][INFO] Adding shaped recipe for 物品展示台 with name ct_shaped554173319
[POSTINITIALIZATION][CLIENT][INFO] Adding shaped recipe for 农场 with name ct_shaped-1630692036
[POSTINITIALIZATION][CLIENT][INFO] Adding shaped recipe for 铁制外壳 with name ct_shaped-432147780
[POSTINITIALIZATION][CLIENT][INFO] Adding shaped recipe for 木质外壳 with name ct_shaped-898805844
[POSTINITIALIZATION][CLIENT][INFO] Adding shaped recipe for 温室玻璃 with name ct_shaped-1252331069
[POSTINITIALIZATION][CLIENT][INFO] Adding shaped recipe for 手钻 with name ct_shaped910011243
[POSTINITIALIZATION][CLIENT][INFO] Adding shaped recipe for 矿工透镜 with name ct_shaped-344501444
[POSTINITIALIZATION][CLIENT][INFO] Adding shaped recipe for 化学溶解机 with name ct_shaped1968993267
[POSTINITIALIZATION][CLIENT][INFO] Adding shaped recipe for 电解机 with name ct_shaped517581254
[POSTINITIALIZATION][CLIENT][INFO] Adding shaped recipe for 雾化器 with name ct_shaped630533959
[POSTINITIALIZATION][CLIENT][INFO] Adding shaped recipe for 液化器 with name ct_shaped-175877148
[POSTINITIALIZATION][CLIENT][INFO] Adding shaped recipe for 蒸发锅 with name ct_shaped-577221130
[POSTINITIALIZATION][CLIENT][INFO] Adding shaped recipe for 裂变仓壁 with name ct_shaped-290727840
[POSTINITIALIZATION][CLIENT][INFO] Adding shaped recipe for 聚变仓壁 with name ct_shaped2072550693
[POSTINITIALIZATION][CLIENT][INFO] Adding shaped recipe for 压印器 with name ct_shaped-1848500531
[POSTINITIALIZATION][CLIENT][INFO] Adding shaped recipe for 生肉锭 with name ct_shaped231262231
[POSTINITIALIZATION][CLIENT][INFO] Adding shaped recipe for 原始投网 with name ct_shaped985494703
[POSTINITIALIZATION][CLIENT][INFO] Adding shaped recipe for 基础注入合成装置 with name ct_shaped-919297106
[POSTINITIALIZATION][CLIENT][INFO] Adding shaped recipe for 流明精华 with name ct_shaped13043149
[POSTINITIALIZATION][CLIENT][INFO] Adding shaped recipe for 精英合成组件 with name ct_shaped-1850449134
[POSTINITIALIZATION][CLIENT][INFO] Adding shaped recipe for 窑砖 with name ct_shaped-323038425
[POSTINITIALIZATION][CLIENT][INFO] Adding shaped recipe for 工程师蓝图 with name ct_shaped818066457
[POSTINITIALIZATION][CLIENT][INFO] Adding shaped recipe for 水车 with name ct_shaped1098514372
[POSTINITIALIZATION][CLIENT][INFO] Adding shaped recipe for 风车 with name ct_shaped90705829
[POSTINITIALIZATION][CLIENT][INFO] Adding shaped recipe for 工程师蓝图 with name ct_shaped1789569408
[POSTINITIALIZATION][CLIENT][INFO] Adding shaped recipe for 钢质机械零件 with name ct_shaped-873455257
[POSTINITIALIZATION][CLIENT][INFO] Adding shaped recipe for 钢质机械零件 with name ct_shaped1771375240
[POSTINITIALIZATION][CLIENT][INFO] Adding shaped recipe for 焦炉砖 with name ct_shaped-1479451509
[POSTINITIALIZATION][CLIENT][INFO] Adding shaped recipe for 高炉砖 with name ct_shaped1503000570
[POSTINITIALIZATION][CLIENT][INFO] Adding shaped recipe for 石质手杖 with name ct_shaped-1766229613
[POSTINITIALIZATION][CLIENT][INFO] Adding shaped recipe for 铁质手杖 with name ct_shaped-2024855111
[POSTINITIALIZATION][CLIENT][INFO] Adding shaped recipe for 钻石手杖 with name ct_shaped1306633325
[POSTINITIALIZATION][CLIENT][INFO] Adding shaped recipe for 钢质机壳 with name ct_shaped1143913210
[POSTINITIALIZATION][CLIENT][INFO] Adding shaped recipe for 冶金灌注机 with name ct_shaped1861634748
[POSTINITIALIZATION][CLIENT][INFO] Adding shaped recipe for 涡轮叶片 with name ct_shaped742944820
[POSTINITIALIZATION][CLIENT][INFO] Adding shaped recipe for 机械外壳 with name ct_shaped653238714
[POSTINITIALIZATION][CLIENT][INFO] Adding shaped recipe for 强化机械外壳 with name ct_shaped-1880941016
[POSTINITIALIZATION][CLIENT][INFO] Adding shaped recipe for 中型物品输入仓 with name ct_shaped-143050472
[POSTINITIALIZATION][CLIENT][INFO] Adding shaped recipe for 强化物品输入仓 with name ct_shaped1467267266
[POSTINITIALIZATION][CLIENT][INFO] Adding shaped recipe for 大型物品输入仓 with name ct_shaped-1348040810
[POSTINITIALIZATION][CLIENT][INFO] Adding shaped recipe for 巨型物品输入仓 with name ct_shaped282224718
[POSTINITIALIZATION][CLIENT][INFO] Adding shaped recipe for 超级物品输入仓 with name ct_shaped903146564
[POSTINITIALIZATION][CLIENT][INFO] Adding shaped recipe for 中型物品输出仓 with name ct_shaped-1892880746
[POSTINITIALIZATION][CLIENT][INFO] Adding shaped recipe for 强化物品输出仓 with name ct_shaped962606632
[POSTINITIALIZATION][CLIENT][INFO] Adding shaped recipe for 大型物品输出仓 with name ct_shaped1383324598
[POSTINITIALIZATION][CLIENT][INFO] Adding shaped recipe for 巨型物品输出仓 with name ct_shaped-1113162762
[POSTINITIALIZATION][CLIENT][INFO] Adding shaped recipe for 超级物品输出仓 with name ct_shaped731292274
[POSTINITIALIZATION][CLIENT][INFO] Adding shaped recipe for 中型流体输出仓 with name ct_shaped945833826
[POSTINITIALIZATION][CLIENT][INFO] Adding shaped recipe for 强化流体输出仓 with name ct_shaped961421580
[POSTINITIALIZATION][CLIENT][INFO] Adding shaped recipe for 大型流体输出仓 with name ct_shaped-846143988
[POSTINITIALIZATION][CLIENT][INFO] Adding shaped recipe for 巨型流体输出仓 with name ct_shaped117864298
[POSTINITIALIZATION][CLIENT][INFO] Adding shaped recipe for 超级流体输出仓 with name ct_shaped-1592043512
[POSTINITIALIZATION][CLIENT][INFO] Adding shaped recipe for 真空流体输出仓 with name ct_shaped-679527122
[POSTINITIALIZATION][CLIENT][INFO] Adding shaped recipe for 火花魔力输入仓 with name ct_shaped2139226688
[POSTINITIALIZATION][CLIENT][INFO] Adding shaped recipe for 火花魔力输出仓 with name ct_shaped168855782
[POSTINITIALIZATION][CLIENT][INFO] Adding shaped recipe for 微型能源输入仓 with name ct_shaped1927434236
[POSTINITIALIZATION][CLIENT][INFO] Adding shaped recipe for 小型能源输入仓 with name ct_shaped2117538036
[POSTINITIALIZATION][CLIENT][INFO] Adding shaped recipe for 中型能源输入仓 with name ct_shaped-943979588
[POSTINITIALIZATION][CLIENT][INFO] Adding shaped recipe for 强化能源输入仓 with name ct_shaped-1333450438
[POSTINITIALIZATION][CLIENT][INFO] Adding shaped recipe for 大型能源输入仓 with name ct_shaped1949992724
[POSTINITIALIZATION][CLIENT][INFO] Adding shaped recipe for 巨型能源输入仓 with name ct_shaped-495076164
[POSTINITIALIZATION][CLIENT][INFO] Adding shaped recipe for 超级能源输入仓 with name ct_shaped-1438425496
[POSTINITIALIZATION][CLIENT][INFO] Adding shaped recipe for 终极能源输入仓 with name ct_shaped-1647771630
[POSTINITIALIZATION][CLIENT][INFO] Adding shaped recipe for 微型能源输出仓 with name ct_shaped1788449851
[POSTINITIALIZATION][CLIENT][INFO] Adding shaped recipe for 小型能源输出仓 with name ct_shaped1703042732
[POSTINITIALIZATION][CLIENT][INFO] Adding shaped recipe for 中型能源输出仓 with name ct_shaped-987701418
[POSTINITIALIZATION][CLIENT][INFO] Adding shaped recipe for 强化能源输出仓 with name ct_shaped-2081774906
[POSTINITIALIZATION][CLIENT][INFO] Adding shaped recipe for 大型能源输出仓 with name ct_shaped257555926
[POSTINITIALIZATION][CLIENT][INFO] Adding shaped recipe for 巨型能源输出仓 with name ct_shaped1301259222
[POSTINITIALIZATION][CLIENT][INFO] Adding shaped recipe for 超级能源输出仓 with name ct_shaped-119517148
[POSTINITIALIZATION][CLIENT][INFO] Adding shaped recipe for 终极能源输出仓 with name ct_shaped-1657731912
[POSTINITIALIZATION][CLIENT][INFO] Adding shaped recipe for 机械齿轮箱 with name ct_shaped-219369574
[POSTINITIALIZATION][CLIENT][INFO] Adding shaped recipe for 机械通风口 with name ct_shaped2132756860
[POSTINITIALIZATION][CLIENT][INFO] Adding shaped recipe for 机械控制器 with name ct_shaped-1521402995
[POSTINITIALIZATION][CLIENT][INFO] Adding shaped recipe for 机械控制器 with name ct_shaped950352155
[POSTINITIALIZATION][CLIENT][INFO] Adding shaped recipe for 基础板 with name ct_shaped578607753
[POSTINITIALIZATION][CLIENT][INFO] Adding shaped recipe for 小制造机 with name ct_shaped-2002558932
[POSTINITIALIZATION][CLIENT][INFO] Adding shaped recipe for 高级板 with name ct_shaped1867566728
[POSTINITIALIZATION][CLIENT][INFO] Adding shaped recipe for 核熔炉 with name ct_shaped-24001509
[POSTINITIALIZATION][CLIENT][INFO] Adding shaped recipe for 机器框架 with name ct_shaped-1767936751
[POSTINITIALIZATION][CLIENT][INFO] Adding shaped recipe for 铜螺线管 with name ct_shaped-1503172383
[POSTINITIALIZATION][CLIENT][INFO] Adding shaped recipe for 防爆方块 with name ct_shaped-2084040767
[POSTINITIALIZATION][CLIENT][INFO] Adding shaped recipe for 同位素分离器 with name ct_shaped1655998689
[POSTINITIALIZATION][CLIENT][INFO] Adding shaped recipe for 聚变连接器 with name ct_shaped-1009884353
[POSTINITIALIZATION][CLIENT][INFO] Adding shaped recipe for 电磁体 with name ct_shaped1054136008
[POSTINITIALIZATION][CLIENT][INFO] Adding shaped recipe for 合金炉 with name ct_shaped782636842
[POSTINITIALIZATION][CLIENT][INFO] Adding shaped recipe for 镜子 with name ct_shaped-228640521
[POSTINITIALIZATION][CLIENT][INFO] Adding shaped recipe for 光电池 I with name ct_shaped111318001
[POSTINITIALIZATION][CLIENT][INFO] Adding shaped recipe for 光电池 II with name ct_shaped1509203577
[POSTINITIALIZATION][CLIENT][INFO] Adding shaped recipe for 光电池 IV with name ct_shaped-1399665082
[POSTINITIALIZATION][CLIENT][INFO] Adding shaped recipe for 光电池 Ⅵ with name ct_shaped1951832021
[POSTINITIALIZATION][CLIENT][INFO] Adding shaped recipe for 太阳能电池板 I with name ct_shaped-1044386092
[POSTINITIALIZATION][CLIENT][INFO] Adding shaped recipe for 太阳能电池板 II with name ct_shaped1489740873
[POSTINITIALIZATION][CLIENT][INFO] Adding shaped recipe for 太阳能电池板 III with name ct_shaped-835226276
[POSTINITIALIZATION][CLIENT][INFO] Adding shaped recipe for 太阳能电池板 IV with name ct_shaped1163341118
[POSTINITIALIZATION][CLIENT][INFO] Adding shaped recipe for 太阳能电池板 V with name ct_shaped1073175895
[POSTINITIALIZATION][CLIENT][INFO] Adding shaped recipe for 太阳能电池板 VI with name ct_shaped-413590159
[POSTINITIALIZATION][CLIENT][INFO] Adding shaped recipe for 太阳能电池板 VII with name ct_shaped-1738788014
[POSTINITIALIZATION][CLIENT][INFO] Adding shaped recipe for 机器框架 with name ct_shaped1892414547
[POSTINITIALIZATION][CLIENT][INFO] Adding shaped recipe for 蒸汽能源炉 (基础) with name ct_shaped-303371476
[POSTINITIALIZATION][CLIENT][INFO] Adding shaped recipe for 热力能源炉 (基础) with name ct_shaped-1528774631
[POSTINITIALIZATION][CLIENT][INFO] Adding shaped recipe for 压缩能源炉 (基础) with name ct_shaped2102157139
[POSTINITIALIZATION][CLIENT][INFO] Adding shaped recipe for 反应能源炉 (基础) with name ct_shaped1478792257
[POSTINITIALIZATION][CLIENT][INFO] Adding shaped recipe for 弱化能源炉 (基础) with name ct_shaped-49213635
[POSTINITIALIZATION][CLIENT][INFO] Adding shaped recipe for 通货能源炉 (基础) with name ct_shaped-2124870187
[POSTINITIALIZATION][CLIENT][INFO] Adding shaped recipe for 铁制生物农场 with name ct_shaped1605902419
[POSTINITIALIZATION][CLIENT][INFO] Adding shaped recipe for 金制生物农场 with name ct_shaped669369090
[POSTINITIALIZATION][CLIENT][INFO] Adding shaped recipe for 钻石生物农场 with name ct_shaped-1505034721
[POSTINITIALIZATION][CLIENT][INFO] Removing all 2 PneumaticCraft Explosion Crafting recipe(s)
[POSTINITIALIZATION][CLIENT][INFO] Adding 1 PneumaticCraft Explosion Crafting recipe(s)
[AVAILABLE][CLIENT][INFO] Fixed the RecipeBook
[AVAILABLE][CLIENT][INFO] Removing 0 Empowerer Recipe(s) for Unknown item
[AVAILABLE][CLIENT][INFO] Removing 0 Empowerer Recipe(s) for Unknown item
[AVAILABLE][CLIENT][INFO] Removing 0 Empowerer Recipe(s) for Unknown item
[AVAILABLE][CLIENT][INFO] Removing 0 Empowerer Recipe(s) for Unknown item
[AVAILABLE][CLIENT][INFO] Removing 0 Empowerer Recipe(s) for Unknown item
[AVAILABLE][CLIENT][INFO] Removing 0 Empowerer Recipe(s) for Unknown item
[AVAILABLE][CLIENT][INFO] Removing 0 Empowerer Recipe(s) for Unknown item
[AVAILABLE][CLIENT][INFO] Removing 0 Empowerer Recipe(s) for Unknown item
[AVAILABLE][CLIENT][INFO] Removing 0 Empowerer Recipe(s) for Unknown item
[AVAILABLE][CLIENT][INFO] Removing 0 Empowerer Recipe(s) for Unknown item
[AVAILABLE][CLIENT][INFO] Removing 0 Empowerer Recipe(s) for Unknown item
[AVAILABLE][CLIENT][INFO] Removing 0 Empowerer Recipe(s) for Unknown item
[AVAILABLE][CLIENT][INFO] Attempting to remove mana infusion recipe for [<botania:specialflower>.withTag({type: "rannuncarpusChibi"})]
[AVAILABLE][CLIENT][INFO] Removing 1 Botania Mana Infusion Recipe(s) for <botania:specialflower>.withTag({type: "rannuncarpusChibi"})
[AVAILABLE][CLIENT][INFO] Attempting to remove apothecary recipe for [<botania:specialflower>.withTag({type: "rannuncarpus"})]
[AVAILABLE][CLIENT][INFO] Removing 1 Botania Petal Recipe(s) for <botania:specialflower>.withTag({type: "rannuncarpus"})
[AVAILABLE][CLIENT][INFO] Attempting to remove Rune Altar recipe for [<botanicadds:mana_tesseract>]
[AVAILABLE][CLIENT][INFO] Removing 1 Botania Rune Altar Recipe(s) for <botanicadds:mana_tesseract>
[AVAILABLE][CLIENT][INFO] Removing Blood Altar recipe for: 1xitem.bloodmagic.focus@0
[AVAILABLE][CLIENT][INFO] Removing Blood Altar recipe for: 1xitem.enderPearl@0
[AVAILABLE][CLIENT][INFO] Altering InductionSmelter Recipe(s) for <enderio:item_material> and <enderio:item_material:52>
[AVAILABLE][CLIENT][INFO] Adding 1 Empowerer Recipe(s) for <actuallyadditions:item_crystal_empowered>
[AVAILABLE][CLIENT][INFO] Adding 1 Empowerer Recipe(s) for <actuallyadditions:block_crystal_empowered>
[AVAILABLE][CLIENT][INFO] Adding 1 Empowerer Recipe(s) for <actuallyadditions:item_crystal_empowered:5>
[AVAILABLE][CLIENT][INFO] Adding 1 Empowerer Recipe(s) for <actuallyadditions:block_crystal_empowered:5>
[AVAILABLE][CLIENT][INFO] Adding 1 Empowerer Recipe(s) for <actuallyadditions:item_crystal_empowered:3>
[AVAILABLE][CLIENT][INFO] Adding 1 Empowerer Recipe(s) for <actuallyadditions:block_crystal_empowered:3>
[AVAILABLE][CLIENT][INFO] Adding 1 Empowerer Recipe(s) for <actuallyadditions:item_crystal_empowered:1>
[AVAILABLE][CLIENT][INFO] Adding 1 Empowerer Recipe(s) for <actuallyadditions:block_crystal_empowered:1>
[AVAILABLE][CLIENT][INFO] Adding 1 Empowerer Recipe(s) for <actuallyadditions:item_crystal_empowered:2>
[AVAILABLE][CLIENT][INFO] Adding 1 Empowerer Recipe(s) for <actuallyadditions:block_crystal_empowered:2>
[AVAILABLE][CLIENT][INFO] Adding 1 Empowerer Recipe(s) for <actuallyadditions:item_crystal_empowered:4>
[AVAILABLE][CLIENT][INFO] Adding 1 Empowerer Recipe(s) for <actuallyadditions:block_crystal_empowered:4>
[AVAILABLE][CLIENT][INFO] Adding Blood Altar recipe for: 1xitem.betterbuilderswands.wandunbreakable@0 from: net.minecraft.item.crafting.Ingredient@7fa3730d minTier: 3, syphon: 50000, consumeRate: 500, drainRate: 5
[AVAILABLE][CLIENT][INFO] Adding Blood Altar recipe for: 1xitem.draconicevolution:dragon_heart@0 from: net.minecraft.item.crafting.Ingredient@3c4b0416 minTier: 4, syphon: 120000, consumeRate: 500, drainRate: 5
[AVAILABLE][CLIENT][INFO] Adding AlchemyArray Recipe input=1xitem.item_material@0, catalyst=1xitem.item_material@52, output=1xitem.item_material@53, location=null
[AVAILABLE][CLIENT][INFO] Adding 1 Botania Mana Infusion Recipe(s) for <botanicbonsai:botanic_bonsai_pot>
[AVAILABLE][CLIENT][INFO] Adding 1 Botania Rune Altar Recipe(s) for <botanicbonsai:bonsai_pot_manager>
[AVAILABLE][CLIENT][INFO] Removing 0 Atomic Reconstructor Recipe(s) for Unknown item
[AVAILABLE][CLIENT][INFO] Altering InductionSmelter Recipe(s) for <tconevo:material>
[AVAILABLE][CLIENT][INFO] Altering InductionSmelter Recipe(s) for <mekanism:ingot>
[AVAILABLE][CLIENT][INFO] Altering InductionSmelter Recipe(s) for <enderio:item_material>
[AVAILABLE][CLIENT][INFO] Altering InductionSmelter Recipe(s) for <solarflux:photovoltaic_cell_3> * 2
[AVAILABLE][CLIENT][INFO] Altering InductionSmelter Recipe(s) for <extendedcrafting:material> * 2
[AVAILABLE][CLIENT][INFO] Altering Transposer Fill Recipe(s) for <liquid:diamond> * 333
[AVAILABLE][CLIENT][INFO] Altering Transposer Fill Recipe(s) for <liquid:enderium> * 244
[AVAILABLE][CLIENT][INFO] Altering Compactor Recipe(s) for <pneumaticcraft:ingot_iron_compressed> * 2 in mode: PLATE
[AVAILABLE][CLIENT][INFO] Altering Compactor Recipe(s) for <extendedcrafting:material:2> in mode: PLATE
[AVAILABLE][CLIENT][INFO] Altering Casting Recipe(s) for <bonsaitrees:bonsaipot>
[AVAILABLE][CLIENT][INFO] Hiding item in JEI: <appliedenergistics2:spatial_io_port>
[AVAILABLE][CLIENT][INFO] Hiding item in JEI: <appliedenergistics2:portable_cell>
[AVAILABLE][CLIENT][INFO] Hiding item in JEI: <appliedenergistics2:spatial_pylon>
[AVAILABLE][CLIENT][INFO] Hiding item in JEI: <appliedenergistics2:tiny_tnt>
[AVAILABLE][CLIENT][INFO] Hiding item in JEI: <appliedenergistics2:part:300>
[AVAILABLE][CLIENT][INFO] Hiding item in JEI: <appliedenergistics2:part:321>
[AVAILABLE][CLIENT][INFO] Hiding item in JEI: <appliedenergistics2:part:302>
[AVAILABLE][CLIENT][INFO] Hiding item in JEI: <appliedenergistics2:part:320>
[AVAILABLE][CLIENT][INFO] Hiding item in JEI: <appliedenergistics2:part:301>
[AVAILABLE][CLIENT][INFO] Hiding item in JEI: <appliedenergistics2:matter_cannon>
[AVAILABLE][CLIENT][INFO] Hiding item in JEI: <actuallyadditions:block_item_viewer_hopping>
[AVAILABLE][CLIENT][INFO] Hiding item in JEI: <actuallyadditions:block_phantom_breaker>
[AVAILABLE][CLIENT][INFO] Hiding item in JEI: <actuallyadditions:block_phantom_placer>
[AVAILABLE][CLIENT][INFO] Hiding item in JEI: <actuallyadditions:item_tele_staff>
[AVAILABLE][CLIENT][INFO] Hiding item in JEI: <actuallyadditions:item_disenchanting_lens>
[AVAILABLE][CLIENT][INFO] Hiding item in JEI: <actuallyadditions:item_leaf_blower_advanced>
[AVAILABLE][CLIENT][INFO] Hiding item in JEI: <actuallyadditions:item_filling_wand>
[AVAILABLE][CLIENT][INFO] Hiding item in JEI: <actuallyadditions:block_item_viewer>
[AVAILABLE][CLIENT][INFO] Hiding item in JEI: <actuallyadditions:block_player_interface>
[AVAILABLE][CLIENT][INFO] Hiding item in JEI: <actuallyadditions:block_inputter>
[AVAILABLE][CLIENT][INFO] Hiding item in JEI: <actuallyadditions:block_inputter_advanced>
[AVAILABLE][CLIENT][INFO] Hiding item in JEI: <actuallyadditions:block_directional_breaker>
[AVAILABLE][CLIENT][INFO] Hiding item in JEI: <actuallyadditions:block_item_repairer>
[AVAILABLE][CLIENT][INFO] Hiding item in JEI: <actuallyadditions:item_water_removal_ring>
[AVAILABLE][CLIENT][INFO] Hiding item in JEI: <actuallyadditions:item_leaf_blower>
[AVAILABLE][CLIENT][INFO] Hiding item in JEI: <enderio:block_buffer>
[AVAILABLE][CLIENT][INFO] Hiding item in JEI: <enderio:block_buffer:1>
[AVAILABLE][CLIENT][INFO] Hiding item in JEI: <enderio:block_buffer:2>
[AVAILABLE][CLIENT][INFO] Hiding item in JEI: <enderio:block_killer_joe>
[AVAILABLE][CLIENT][INFO] Hiding item in JEI: <enderio:block_painter>
[AVAILABLE][CLIENT][INFO] Hiding item in JEI: <enderio:item_dark_steel_upgrade:1>.withTag({"enderio:dsu": "enderio:inv"})
[AVAILABLE][CLIENT][INFO] Hiding item in JEI: <enderio:item_dark_steel_upgrade:1>.withTag({"enderio:dsu": "enderio:inv1"})
[AVAILABLE][CLIENT][INFO] Hiding item in JEI: <enderio:item_dark_steel_upgrade:1>.withTag({"enderio:dsu": "enderio:inv2"})
[AVAILABLE][CLIENT][INFO] Hiding item in JEI: <enderio:block_enchanter>
[AVAILABLE][CLIENT][INFO] Hiding item in JEI: <mekanism:basicblock:6>
[AVAILABLE][CLIENT][INFO] Hiding item in JEI: <mekanism:basicblock2:8>
[AVAILABLE][CLIENT][INFO] Hiding item in JEI: <mekanism:machineblock3:3>
[AVAILABLE][CLIENT][INFO] Hiding item in JEI: <mekanism:basicblock2:9>
[AVAILABLE][CLIENT][INFO] Hiding item in JEI: <mekanism:transmitter:3>
[AVAILABLE][CLIENT][INFO] Hiding item in JEI: <mekanism:machineblock:4>
[AVAILABLE][CLIENT][INFO] Hiding item in JEI: <mekanism:obsidiantnt>
[AVAILABLE][CLIENT][INFO] Hiding item in JEI: <mekanism:cardboardbox>
[AVAILABLE][CLIENT][INFO] Hiding item in JEI: <mekanism:dictionary>
[AVAILABLE][CLIENT][INFO] Hiding item in JEI: <mekanism:machineblock:13>
[AVAILABLE][CLIENT][INFO] Hiding item in JEI: <mekanism:basicblock2:7>
[AVAILABLE][CLIENT][INFO] Hiding item in JEI: <mekanismgenerators:generator:10>
[AVAILABLE][CLIENT][INFO] Hiding item in JEI: <mekanismgenerators:reactor>
[AVAILABLE][CLIENT][INFO] Hiding item in JEI: <mekanism:robit>
[AVAILABLE][CLIENT][INFO] Hiding item in JEI: <mekanismgenerators:generator:11>
[AVAILABLE][CLIENT][INFO] Hiding item in JEI: <mekanismgenerators:turbineblade>
[AVAILABLE][CLIENT][INFO] Hiding item in JEI: <mekanismgenerators:reactor:3>
[AVAILABLE][CLIENT][INFO] Hiding item in JEI: <mekanismgenerators:reactor:2>
[AVAILABLE][CLIENT][INFO] Hiding item in JEI: <mekanismgenerators:hohlraum>
[AVAILABLE][CLIENT][INFO] Hiding item in JEI: <mekanism:machineblock:15>
[AVAILABLE][CLIENT][INFO] Hiding item in JEI: <mekanism:atomicdisassembler>
[AVAILABLE][CLIENT][INFO] Hiding item in JEI: <mekanism:machineblock2:13>
[AVAILABLE][CLIENT][INFO] Hiding item in JEI: <thermalexpansion:satchel>
[AVAILABLE][CLIENT][INFO] Hiding item in JEI: <thermalexpansion:satchel:1>
[AVAILABLE][CLIENT][INFO] Hiding item in JEI: <thermalexpansion:satchel:2>
[AVAILABLE][CLIENT][INFO] Hiding item in JEI: <thermalexpansion:satchel:3>
[AVAILABLE][CLIENT][INFO] Hiding item in JEI: <thermalexpansion:satchel:4>
[AVAILABLE][CLIENT][INFO] Hiding item in JEI: <thermalexpansion:satchel:100>
[AVAILABLE][CLIENT][INFO] Hiding item in JEI: <thermalfoundation:tome_lexicon>
[AVAILABLE][CLIENT][INFO] Hiding item in JEI: <thermalexpansion:strongbox>.withTag({Facing: 3 as byte, Level: 0 as byte})
[AVAILABLE][CLIENT][INFO] Hiding item in JEI: <thermalexpansion:cache>.withTag({Facing: 3 as byte, Level: 0 as byte})
[AVAILABLE][CLIENT][INFO] Hiding item in JEI: <thermalexpansion:machine:11>.withTag({Level: 0})
[AVAILABLE][CLIENT][INFO] Hiding item in JEI: <thermalexpansion:device:7>.withTag({RSControl: 0 as byte, Facing: 3 as byte, Energy: 0, SideCache: [2, 1, 1, 1, 1, 1] as byte[] as byte[]})
[AVAILABLE][CLIENT][INFO] Hiding item in JEI: <redstonearsenal:tool.bow_flux>.withTag({Energy: 0})
[AVAILABLE][CLIENT][INFO] Hiding item in JEI: <redstonearsenal:util.quiver_flux>.withTag({Energy: 0})
[AVAILABLE][CLIENT][INFO] Hiding item in JEI: <extrabotany:masterhandbag>
[AVAILABLE][CLIENT][INFO] Hiding item in JEI: <botania:sextant>
[AVAILABLE][CLIENT][INFO] Hiding item in JEI: <botania:laputashard>
[AVAILABLE][CLIENT][INFO] Hiding item in JEI: <botania:craftinghalo>
[AVAILABLE][CLIENT][INFO] Hiding item in JEI: <botania:spawnermover>
[AVAILABLE][CLIENT][INFO] Hiding item in JEI: <botania:autocraftinghalo>
[AVAILABLE][CLIENT][INFO] Hiding item in JEI: <botania:lens:15>.withTag({})
[AVAILABLE][CLIENT][INFO] Hiding item in JEI: <botania:gravityrod>.withTag({dist: -1.0, ticksCooldown: 0, ticksTillExpire: -2748 as long, target: -1 as long})
[AVAILABLE][CLIENT][INFO] Hiding item in JEI: <botania:lens:12>.withTag({})
[AVAILABLE][CLIENT][INFO] Hiding item in JEI: <botania:spawnerclaw>
[AVAILABLE][CLIENT][INFO] Hiding item in JEI: <botania:spellcloth>
[AVAILABLE][CLIENT][INFO] Hiding item in JEI: <botania:lens:13>.withTag({})
[AVAILABLE][CLIENT][INFO] Hiding item in JEI: <botania:missilerod>
[AVAILABLE][CLIENT][INFO] Hiding item in JEI: <botania:manabomb>
[AVAILABLE][CLIENT][INFO] Hiding item in JEI: <botania:blackholetalisman>.withTag({})
[AVAILABLE][CLIENT][INFO] Hiding item in JEI: <botania:baublebox>
[AVAILABLE][CLIENT][INFO] Hiding item in JEI: <botania:endereyeblock>
[AVAILABLE][CLIENT][INFO] Hiding item in JEI: <botania:enderhand>
[AVAILABLE][CLIENT][INFO] Hiding item in JEI: <botania:lens:7>.withTag({})
[AVAILABLE][CLIENT][INFO] Hiding item in JEI: <botania:lens:11>.withTag({})
[AVAILABLE][CLIENT][INFO] Hiding item in JEI: <draconicevolution:diss_enchanter>
[AVAILABLE][CLIENT][INFO] Hiding item in JEI: <draconicevolution:wyvern_boots>
[AVAILABLE][CLIENT][INFO] Hiding item in JEI: <draconicevolution:wyvern_legs>
[AVAILABLE][CLIENT][INFO] Hiding item in JEI: <draconicevolution:wyvern_chest>
[AVAILABLE][CLIENT][INFO] Hiding item in JEI: <draconicevolution:wyvern_helm>
[AVAILABLE][CLIENT][INFO] Hiding item in JEI: <draconicadditions:chaotic_boots>
[AVAILABLE][CLIENT][INFO] Hiding item in JEI: <draconicadditions:chaotic_legs>
[AVAILABLE][CLIENT][INFO] Hiding item in JEI: <draconicadditions:chaotic_chest>
[AVAILABLE][CLIENT][INFO] Hiding item in JEI: <draconicadditions:chaotic_helm>
[AVAILABLE][CLIENT][INFO] Hiding item in JEI: <draconicevolution:draconic_staff_of_power>
[AVAILABLE][CLIENT][INFO] Hiding item in JEI: <draconicevolution:draconic_shovel>.withTag({})
[AVAILABLE][CLIENT][INFO] Hiding item in JEI: <draconicevolution:draconic_bow>.withTag({})
[AVAILABLE][CLIENT][INFO] Hiding item in JEI: <draconicevolution:draconic_hoe>.withTag({})
[AVAILABLE][CLIENT][INFO] Hiding item in JEI: <draconicevolution:draconic_axe>.withTag({})
[AVAILABLE][CLIENT][INFO] Hiding item in JEI: <draconicevolution:draconic_sword>.withTag({})
[AVAILABLE][CLIENT][INFO] Hiding item in JEI: <draconicevolution:draconic_pick>.withTag({})
[AVAILABLE][CLIENT][INFO] Hiding item in JEI: <draconicevolution:draconic_boots>
[AVAILABLE][CLIENT][INFO] Hiding item in JEI: <draconicevolution:draconic_legs>
[AVAILABLE][CLIENT][INFO] Hiding item in JEI: <draconicevolution:draconic_chest>
[AVAILABLE][CLIENT][INFO] Hiding item in JEI: <draconicevolution:draconic_helm>
[AVAILABLE][CLIENT][INFO] Hiding item in JEI: <draconicevolution:wyvern_bow>.withTag({})
[AVAILABLE][CLIENT][INFO] Hiding item in JEI: <draconicevolution:wyvern_sword>.withTag({})
[AVAILABLE][CLIENT][INFO] Hiding item in JEI: <draconicevolution:wyvern_pick>.withTag({})
[AVAILABLE][CLIENT][INFO] Hiding item in JEI: <draconicevolution:wyvern_axe>.withTag({})
[AVAILABLE][CLIENT][INFO] Hiding item in JEI: <draconicevolution:wyvern_shovel>.withTag({})
[AVAILABLE][CLIENT][INFO] Hiding item in JEI: <bloodmagic:teleposer>
[AVAILABLE][CLIENT][INFO] Hiding item in JEI: <bloodmagic:teleposition_focus:3>
[AVAILABLE][CLIENT][INFO] Hiding item in JEI: <bloodmagic:teleposition_focus:2>
[AVAILABLE][CLIENT][INFO] Hiding item in JEI: <tconstruct:throwball:1>
[AVAILABLE][CLIENT][INFO] Hiding item in JEI: <netherex:dull_mirror>
[AVAILABLE][CLIENT][INFO] Hiding item in JEI: <simplyjetpacks:itemjetpack:1>.withTag({})
[AVAILABLE][CLIENT][INFO] Hiding item in JEI: <simplyjetpacks:itemjetpack:2>.withTag({})
[AVAILABLE][CLIENT][INFO] Hiding item in JEI: <simplyjetpacks:itemjetpack:3>.withTag({})
[AVAILABLE][CLIENT][INFO] Hiding item in JEI: <simplyjetpacks:itemjetpack:4>.withTag({})
[AVAILABLE][CLIENT][INFO] Hiding item in JEI: <simplyjetpacks:itemjetpack:5>.withTag({})
[AVAILABLE][CLIENT][INFO] Hiding item in JEI: <simplyjetpacks:itemjetpack:6>.withTag({})
[AVAILABLE][CLIENT][INFO] Hiding item in JEI: <simplyjetpacks:itemjetpack:34>.withTag({Energy: 0, JetpackParticle: 0})
[AVAILABLE][CLIENT][INFO] Hiding item in JEI: <simplyjetpacks:itemjetpack:35>.withTag({Energy: 0, JetpackParticle: 0})
[AVAILABLE][CLIENT][INFO] Hiding item in JEI: <simplyjetpacks:itemjetpack:36>.withTag({Energy: 0, JetpackParticle: 0})
[AVAILABLE][CLIENT][INFO] Hiding item in JEI: <simplyjetpacks:itemjetpack:37>.withTag({Energy: 0, JetpackParticle: 0})
[AVAILABLE][CLIENT][INFO] Hiding item in JEI: <simplyjetpacks:itemjetpack:38>.withTag({Energy: 0, JetpackParticle: 0})
[AVAILABLE][CLIENT][INFO] Hiding item in JEI: <simplyjetpacks:itemjetpack:39>.withTag({Energy: 0, JetpackParticle: 0})
